2025-01-12T00:45:50.186+0100 INFO               [main]                         be.pxl.services.controller.PostTests - Starting PostTests using Java 21.0.2 with PID 13184 (started by 12202385 in C:\Users\12202385\Documents\3AONc\Fullstack_JAVA\PE\project-MaartenClaesPXL\backend-java\SpringCloudPXL\post-service)
2025-01-12T00:45:50.186+0100 DEBUG              [main]                         be.pxl.services.controller.PostTests - Running with Spring Boot v3.3.4, Spring v6.1.13
2025-01-12T00:45:50.187+0100 INFO               [main]                         be.pxl.services.controller.PostTests - No active profile set, falling back to 1 default profile: "default"
2025-01-12T00:46:00.320+0100 INFO               [main]                         be.pxl.services.controller.PostTests - Started PostTests in 11.984 seconds (process running for 26.443)
2025-01-12T00:46:00.681+0100 INFO               [main]                         be.pxl.services.api.controller.PostController - GET post: 1
2025-01-12T00:46:00.850+0100 INFO               [main]                         be.pxl.services.api.controller.PostController - Gebruiker - get all posts
2025-01-12T00:46:00.946+0100 INFO               [main]                         be.pxl.services.api.controller.PostController - PUT publish post: 4
2025-01-12T00:46:00.984+0100 INFO               [main]                         be.pxl.services.service.PostService - Published post: Post(id=4, title=test, content=null, author=null, authorEmail=null, postDate=null, status=PUBLISHED, reviews=[], comments=[])
2025-01-12T00:46:01.011+0100 INFO               [main]                         be.pxl.services.api.controller.PostController - GET post: 999
2025-01-12T00:46:01.019+0100 ERROR              [main]                         be.pxl.services.service.PostService - getPostById - post not found
2025-01-12T00:46:01.098+0100 INFO               [main]                         be.pxl.services.api.controller.PostController - PUT post: CreatePostRequest(title=updated, content=null, author=null, authorEmail=null, isConcept=false)
2025-01-12T00:46:01.112+0100 INFO               [main]                         be.pxl.services.service.PostService - Updating unreviewed post
2025-01-12T00:46:01.125+0100 INFO               [main]                         be.pxl.services.service.PostService - Updated post: Post(id=5, title=updated, content=null, author=null, authorEmail=null, postDate=null, status=UNREVIEWED, reviews=[], comments=[])
2025-01-12T00:46:01.188+0100 INFO               [main]                         be.pxl.services.api.controller.PostController - POST post request: CreatePostRequest(title=Test Post, content=null, author=student, authorEmail=12202385@student.pxl.com, isConcept=false)
2025-01-12T00:46:01.189+0100 INFO               [main]                         be.pxl.services.service.PostService - Adding unreviewed post
2025-01-12T00:46:01.202+0100 INFO               [main]                         be.pxl.services.service.PostService - Added post: Post(id=6, title=Test Post, content=null, author=student, authorEmail=12202385@student.pxl.com, postDate=null, status=UNREVIEWED, reviews=null, comments=null)
2025-01-12T00:46:01.251+0100 INFO               [main]                         be.pxl.services.api.controller.PostController - PUT post: CreatePostRequest(title=updated, content=null, author=null, authorEmail=null, isConcept=false)
2025-01-12T00:46:01.260+0100 ERROR              [main]                         be.pxl.services.service.PostService - updatePost - post not found
2025-01-12T00:46:01.282+0100 INFO               [main]                         be.pxl.services.api.controller.PostController - POST post request: CreatePostRequest(title=Test Post, content=null, author=student, authorEmail=12202385@student.pxl.com, isConcept=true)
2025-01-12T00:46:01.283+0100 INFO               [main]                         be.pxl.services.service.PostService - Adding concept post
2025-01-12T00:46:01.296+0100 INFO               [main]                         be.pxl.services.service.PostService - Added post: Post(id=7, title=Test Post, content=null, author=student, authorEmail=12202385@student.pxl.com, postDate=null, status=CONCEPT, reviews=null, comments=null)
2025-01-12T00:46:01.368+0100 INFO               [main]                         be.pxl.services.api.controller.PostController - PUT post: CreatePostRequest(title=updated, content=null, author=null, authorEmail=null, isConcept=true)
2025-01-12T00:46:01.379+0100 INFO               [main]                         be.pxl.services.service.PostService - Updating concept post
2025-01-12T00:46:01.388+0100 INFO               [main]                         be.pxl.services.service.PostService - Updated post: Post(id=8, title=updated, content=null, author=null, authorEmail=null, postDate=null, status=CONCEPT, reviews=[], comments=[])
2025-01-12T00:46:01.449+0100 INFO               [main]                         be.pxl.services.api.controller.PostController - Redacteur - get all posts
2025-01-12T00:49:54.780+0100 INFO               [main]                         be.pxl.services.controller.PostTests - Starting PostTests using Java 21.0.2 with PID 33444 (started by 12202385 in C:\Users\12202385\Documents\3AONc\Fullstack_JAVA\PE\project-MaartenClaesPXL\backend-java\SpringCloudPXL\post-service)
2025-01-12T00:49:54.782+0100 DEBUG              [main]                         be.pxl.services.controller.PostTests - Running with Spring Boot v3.3.4, Spring v6.1.13
2025-01-12T00:49:54.783+0100 INFO               [main]                         be.pxl.services.controller.PostTests - No active profile set, falling back to 1 default profile: "default"
2025-01-12T00:50:38.751+0100 INFO               [main]                         be.pxl.services.service.PostServiceTests - Starting PostServiceTests using Java 21.0.2 with PID 33084 (started by 12202385 in C:\Users\12202385\Documents\3AONc\Fullstack_JAVA\PE\project-MaartenClaesPXL\backend-java\SpringCloudPXL\post-service)
2025-01-12T00:50:38.752+0100 DEBUG              [main]                         be.pxl.services.service.PostServiceTests - Running with Spring Boot v3.3.4, Spring v6.1.13
2025-01-12T00:50:38.752+0100 INFO               [main]                         be.pxl.services.service.PostServiceTests - No active profile set, falling back to 1 default profile: "default"
2025-01-12T00:50:53.068+0100 INFO               [main]                         be.pxl.services.service.PostServiceTests - Started PostServiceTests in 16.295 seconds (process running for 30.988)
2025-01-12T00:51:08.986+0100 INFO               [main]                         be.pxl.services.controller.PostTests - Starting PostTests using Java 21.0.2 with PID 33084 (started by 12202385 in C:\Users\12202385\Documents\3AONc\Fullstack_JAVA\PE\project-MaartenClaesPXL\backend-java\SpringCloudPXL\post-service)
2025-01-12T00:51:08.987+0100 DEBUG              [main]                         be.pxl.services.controller.PostTests - Running with Spring Boot v3.3.4, Spring v6.1.13
2025-01-12T00:51:08.987+0100 INFO               [main]                         be.pxl.services.controller.PostTests - No active profile set, falling back to 1 default profile: "default"
2025-01-12T00:51:12.677+0100 INFO               [main]                         be.pxl.services.controller.PostTests - Started PostTests in 4.816 seconds (process running for 50.598)
2025-01-12T00:51:12.837+0100 INFO               [main]                         be.pxl.services.api.controller.PostController - GET post: 1
2025-01-12T00:51:12.986+0100 INFO               [main]                         be.pxl.services.api.controller.PostController - Gebruiker - get all posts
2025-01-12T00:51:13.049+0100 INFO               [main]                         be.pxl.services.api.controller.PostController - PUT publish post: 4
2025-01-12T00:51:13.079+0100 INFO               [main]                         be.pxl.services.service.PostService - Published post: Post(id=4, title=test, content=null, author=null, authorEmail=null, postDate=null, status=PUBLISHED, reviews=[], comments=[])
2025-01-12T00:51:13.107+0100 INFO               [main]                         be.pxl.services.api.controller.PostController - GET post: 999
2025-01-12T00:51:13.114+0100 ERROR              [main]                         be.pxl.services.service.PostService - getPostById - post not found
2025-01-12T00:51:13.159+0100 INFO               [main]                         be.pxl.services.api.controller.PostController - PUT post: CreatePostRequest(title=updated, content=null, author=null, authorEmail=null, isConcept=false)
2025-01-12T00:51:13.168+0100 INFO               [main]                         be.pxl.services.service.PostService - Updating unreviewed post
2025-01-12T00:51:13.177+0100 INFO               [main]                         be.pxl.services.service.PostService - Updated post: Post(id=5, title=updated, content=null, author=null, authorEmail=null, postDate=null, status=UNREVIEWED, reviews=[], comments=[])
2025-01-12T00:51:13.248+0100 INFO               [main]                         be.pxl.services.api.controller.PostController - POST post request: CreatePostRequest(title=Test Post, content=null, author=student, authorEmail=12202385@student.pxl.com, isConcept=false)
2025-01-12T00:51:13.248+0100 INFO               [main]                         be.pxl.services.service.PostService - Adding unreviewed post
2025-01-12T00:51:13.256+0100 INFO               [main]                         be.pxl.services.service.PostService - Added post: Post(id=6, title=Test Post, content=null, author=student, authorEmail=12202385@student.pxl.com, postDate=null, status=UNREVIEWED, reviews=null, comments=null)
2025-01-12T00:51:13.289+0100 INFO               [main]                         be.pxl.services.api.controller.PostController - PUT post: CreatePostRequest(title=updated, content=null, author=null, authorEmail=null, isConcept=false)
2025-01-12T00:51:13.296+0100 ERROR              [main]                         be.pxl.services.service.PostService - updatePost - post not found
2025-01-12T00:51:13.313+0100 INFO               [main]                         be.pxl.services.api.controller.PostController - POST post request: CreatePostRequest(title=Test Post, content=null, author=student, authorEmail=12202385@student.pxl.com, isConcept=true)
2025-01-12T00:51:13.313+0100 INFO               [main]                         be.pxl.services.service.PostService - Adding concept post
2025-01-12T00:51:13.325+0100 INFO               [main]                         be.pxl.services.service.PostService - Added post: Post(id=7, title=Test Post, content=null, author=student, authorEmail=12202385@student.pxl.com, postDate=null, status=CONCEPT, reviews=null, comments=null)
2025-01-12T00:51:13.384+0100 INFO               [main]                         be.pxl.services.api.controller.PostController - PUT post: CreatePostRequest(title=updated, content=null, author=null, authorEmail=null, isConcept=true)
2025-01-12T00:51:13.393+0100 INFO               [main]                         be.pxl.services.service.PostService - Updating concept post
2025-01-12T00:51:13.405+0100 INFO               [main]                         be.pxl.services.service.PostService - Updated post: Post(id=8, title=updated, content=null, author=null, authorEmail=null, postDate=null, status=CONCEPT, reviews=[], comments=[])
2025-01-12T00:51:13.465+0100 INFO               [main]                         be.pxl.services.api.controller.PostController - Redacteur - get all posts
2025-01-12T00:54:48.300+0100 INFO               [main]                         be.pxl.services.service.PostServiceTests - Starting PostServiceTests using Java 21.0.2 with PID 6924 (started by 12202385 in C:\Users\12202385\Documents\3AONc\Fullstack_JAVA\PE\project-MaartenClaesPXL\backend-java\SpringCloudPXL\post-service)
2025-01-12T00:54:48.301+0100 DEBUG              [main]                         be.pxl.services.service.PostServiceTests - Running with Spring Boot v3.3.4, Spring v6.1.13
2025-01-12T00:54:48.302+0100 INFO               [main]                         be.pxl.services.service.PostServiceTests - No active profile set, falling back to 1 default profile: "default"
2025-01-12T00:54:58.209+0100 INFO               [main]                         be.pxl.services.service.PostServiceTests - Started PostServiceTests in 11.808 seconds (process running for 26.184)
2025-01-12T01:03:29.879+0100 INFO               [main]                         be.pxl.services.service.PostServiceTests - Starting PostServiceTests using Java 21.0.2 with PID 15936 (started by 12202385 in C:\Users\12202385\Documents\3AONc\Fullstack_JAVA\PE\project-MaartenClaesPXL\backend-java\SpringCloudPXL\post-service)
2025-01-12T01:03:29.880+0100 DEBUG              [main]                         be.pxl.services.service.PostServiceTests - Running with Spring Boot v3.3.4, Spring v6.1.13
2025-01-12T01:03:29.881+0100 INFO               [main]                         be.pxl.services.service.PostServiceTests - No active profile set, falling back to 1 default profile: "default"
2025-01-12T01:03:40.910+0100 INFO               [main]                         be.pxl.services.service.PostServiceTests - Started PostServiceTests in 12.926 seconds (process running for 27.852)
2025-01-12T01:03:41.230+0100 INFO               [main]                         be.pxl.services.service.PostService - Adding review from queue: ReviewDetail(id=null, postId=1, isApproved=true, description=null, reviewer=null)
2025-01-12T01:03:41.277+0100 INFO               [main]                         be.pxl.services.service.PostService - Added review to post: Post(id=1, title=null, content=null, author=null, authorEmail=null, postDate=null, status=APPROVED, reviews=[null], comments=[])
2025-01-12T01:04:22.392+0100 INFO               [main]                         be.pxl.services.service.PostServiceTests - Starting PostServiceTests using Java 21.0.2 with PID 19616 (started by 12202385 in C:\Users\12202385\Documents\3AONc\Fullstack_JAVA\PE\project-MaartenClaesPXL\backend-java\SpringCloudPXL\post-service)
2025-01-12T01:04:22.393+0100 DEBUG              [main]                         be.pxl.services.service.PostServiceTests - Running with Spring Boot v3.3.4, Spring v6.1.13
2025-01-12T01:04:22.394+0100 INFO               [main]                         be.pxl.services.service.PostServiceTests - No active profile set, falling back to 1 default profile: "default"
2025-01-12T01:04:33.579+0100 INFO               [main]                         be.pxl.services.service.PostServiceTests - Started PostServiceTests in 13.239 seconds (process running for 28.004)
2025-01-12T01:04:33.880+0100 INFO               [main]                         be.pxl.services.service.PostService - Adding review from queue: ReviewDetail(id=null, postId=1, isApproved=true, description=null, reviewer=null)
2025-01-12T01:04:33.933+0100 INFO               [main]                         be.pxl.services.service.PostService - Added review to post: Post(id=1, title=null, content=null, author=null, authorEmail=null, postDate=null, status=APPROVED, reviews=[null], comments=[])
2025-01-12T01:06:15.224+0100 INFO               [main]                         be.pxl.services.service.PostServiceTests - Starting PostServiceTests using Java 21.0.2 with PID 37784 (started by 12202385 in C:\Users\12202385\Documents\3AONc\Fullstack_JAVA\PE\project-MaartenClaesPXL\backend-java\SpringCloudPXL\post-service)
2025-01-12T01:06:15.225+0100 DEBUG              [main]                         be.pxl.services.service.PostServiceTests - Running with Spring Boot v3.3.4, Spring v6.1.13
2025-01-12T01:06:15.226+0100 INFO               [main]                         be.pxl.services.service.PostServiceTests - No active profile set, falling back to 1 default profile: "default"
2025-01-12T01:06:27.631+0100 INFO               [main]                         be.pxl.services.service.PostServiceTests - Started PostServiceTests in 20.305 seconds (process running for 38.303)
2025-01-12T01:06:39.641+0100 INFO               [main]                         be.pxl.services.service.PostService - Adding review from queue: ReviewDetail(id=null, postId=1, isApproved=true, description=null, reviewer=null)
2025-01-12T01:06:57.967+0100 INFO               [main]                         be.pxl.services.service.PostService - Added review to post: Post(id=1, title=null, content=null, author=null, authorEmail=null, postDate=null, status=APPROVED, reviews=[null], comments=[])
2025-01-12T01:08:39.241+0100 INFO               [main]                         be.pxl.services.service.PostServiceTests - Starting PostServiceTests using Java 21.0.2 with PID 42612 (started by 12202385 in C:\Users\12202385\Documents\3AONc\Fullstack_JAVA\PE\project-MaartenClaesPXL\backend-java\SpringCloudPXL\post-service)
2025-01-12T01:08:39.242+0100 DEBUG              [main]                         be.pxl.services.service.PostServiceTests - Running with Spring Boot v3.3.4, Spring v6.1.13
2025-01-12T01:08:39.243+0100 INFO               [main]                         be.pxl.services.service.PostServiceTests - No active profile set, falling back to 1 default profile: "default"
2025-01-12T01:08:50.337+0100 INFO               [main]                         be.pxl.services.service.PostServiceTests - Started PostServiceTests in 12.949 seconds (process running for 26.509)
2025-01-12T01:08:50.661+0100 INFO               [main]                         be.pxl.services.service.PostService - Adding review from queue: ReviewDetail(id=null, postId=1, isApproved=true, description=null, reviewer=null)
2025-01-12T01:08:50.717+0100 INFO               [main]                         be.pxl.services.service.PostService - Added review to post: Post(id=1, title=null, content=null, author=null, authorEmail=null, postDate=null, status=APPROVED, reviews=[null], comments=[])
2025-01-12T01:09:43.725+0100 INFO               [main]                         be.pxl.services.service.PostServiceTests - Starting PostServiceTests using Java 21.0.2 with PID 36680 (started by 12202385 in C:\Users\12202385\Documents\3AONc\Fullstack_JAVA\PE\project-MaartenClaesPXL\backend-java\SpringCloudPXL\post-service)
2025-01-12T01:09:43.726+0100 DEBUG              [main]                         be.pxl.services.service.PostServiceTests - Running with Spring Boot v3.3.4, Spring v6.1.13
2025-01-12T01:09:43.727+0100 INFO               [main]                         be.pxl.services.service.PostServiceTests - No active profile set, falling back to 1 default profile: "default"
2025-01-12T01:09:54.126+0100 INFO               [main]                         be.pxl.services.service.PostServiceTests - Started PostServiceTests in 12.249 seconds (process running for 26.546)
2025-01-12T01:09:54.556+0100 INFO               [main]                         be.pxl.services.service.PostService - Adding review from queue: ReviewDetail(id=null, postId=1, isApproved=true, description=null, reviewer=null)
2025-01-12T01:09:54.618+0100 INFO               [main]                         be.pxl.services.service.PostService - Added review to post: Post(id=1, title=null, content=null, author=null, authorEmail=null, postDate=null, status=APPROVED, reviews=[null], comments=[])
2025-01-12T01:10:33.598+0100 INFO               [main]                         be.pxl.services.service.PostServiceTests - Starting PostServiceTests using Java 21.0.2 with PID 42208 (started by 12202385 in C:\Users\12202385\Documents\3AONc\Fullstack_JAVA\PE\project-MaartenClaesPXL\backend-java\SpringCloudPXL\post-service)
2025-01-12T01:10:33.599+0100 DEBUG              [main]                         be.pxl.services.service.PostServiceTests - Running with Spring Boot v3.3.4, Spring v6.1.13
2025-01-12T01:10:33.600+0100 INFO               [main]                         be.pxl.services.service.PostServiceTests - No active profile set, falling back to 1 default profile: "default"
2025-01-12T01:10:44.377+0100 INFO               [main]                         be.pxl.services.service.PostServiceTests - Started PostServiceTests in 12.644 seconds (process running for 27.154)
2025-01-12T01:10:44.694+0100 INFO               [main]                         be.pxl.services.service.PostService - Adding review from queue: ReviewDetail(id=null, postId=1, isApproved=true, description=null, reviewer=null)
2025-01-12T01:10:44.746+0100 INFO               [main]                         be.pxl.services.service.PostService - Added review to post: Post(id=1, title=null, content=null, author=null, authorEmail=null, postDate=null, status=APPROVED, reviews=[null], comments=[])
2025-01-12T01:10:44.766+0100 INFO               [main]                         be.pxl.services.service.PostService - Adding review from queue: ReviewDetail(id=null, postId=1, isApproved=true, description=null, reviewer=null)
2025-01-12T01:10:44.788+0100 INFO               [main]                         be.pxl.services.service.PostService - Added review to post: Post(id=1, title=null, content=null, author=null, authorEmail=null, postDate=null, status=APPROVED, reviews=[null], comments=[])
2025-01-12T01:11:17.952+0100 INFO               [main]                         be.pxl.services.service.PostServiceTests - Starting PostServiceTests using Java 21.0.2 with PID 4660 (started by 12202385 in C:\Users\12202385\Documents\3AONc\Fullstack_JAVA\PE\project-MaartenClaesPXL\backend-java\SpringCloudPXL\post-service)
2025-01-12T01:11:17.953+0100 DEBUG              [main]                         be.pxl.services.service.PostServiceTests - Running with Spring Boot v3.3.4, Spring v6.1.13
2025-01-12T01:11:17.954+0100 INFO               [main]                         be.pxl.services.service.PostServiceTests - No active profile set, falling back to 1 default profile: "default"
2025-01-12T01:11:28.989+0100 INFO               [main]                         be.pxl.services.service.PostServiceTests - Started PostServiceTests in 13.071 seconds (process running for 26.733)
2025-01-12T01:11:29.348+0100 INFO               [main]                         be.pxl.services.service.PostService - Adding review from queue: ReviewDetail(id=null, postId=1, isApproved=true, description=null, reviewer=null)
2025-01-12T01:11:29.404+0100 INFO               [main]                         be.pxl.services.service.PostService - Added review to post: Post(id=1, title=null, content=null, author=null, authorEmail=null, postDate=null, status=APPROVED, reviews=[null], comments=[])
2025-01-12T01:11:29.425+0100 INFO               [main]                         be.pxl.services.service.PostService - Adding review from queue: ReviewDetail(id=null, postId=1, isApproved=false, description=null, reviewer=null)
2025-01-12T01:11:29.455+0100 INFO               [main]                         be.pxl.services.service.PostService - Added review to post: Post(id=1, title=null, content=null, author=null, authorEmail=null, postDate=null, status=REJECTED, reviews=[null], comments=[])
2025-01-12T01:12:08.476+0100 INFO               [main]                         be.pxl.services.service.PostServiceTests - Starting PostServiceTests using Java 21.0.2 with PID 14024 (started by 12202385 in C:\Users\12202385\Documents\3AONc\Fullstack_JAVA\PE\project-MaartenClaesPXL\backend-java\SpringCloudPXL\post-service)
2025-01-12T01:12:08.478+0100 DEBUG              [main]                         be.pxl.services.service.PostServiceTests - Running with Spring Boot v3.3.4, Spring v6.1.13
2025-01-12T01:12:08.479+0100 INFO               [main]                         be.pxl.services.service.PostServiceTests - No active profile set, falling back to 1 default profile: "default"
2025-01-12T01:12:24.686+0100 INFO               [main]                         be.pxl.services.service.PostServiceTests - Started PostServiceTests in 19.516 seconds (process running for 36.907)
2025-01-12T01:12:25.143+0100 INFO               [main]                         be.pxl.services.service.PostService - Adding review from queue: ReviewDetail(id=null, postId=1, isApproved=true, description=null, reviewer=null)
2025-01-12T01:12:25.200+0100 INFO               [main]                         be.pxl.services.service.PostService - Added review to post: Post(id=1, title=null, content=null, author=null, authorEmail=null, postDate=null, status=APPROVED, reviews=[null], comments=[])
2025-01-12T01:12:25.222+0100 INFO               [main]                         be.pxl.services.service.PostService - Adding review from queue: ReviewDetail(id=null, postId=1, isApproved=false, description=null, reviewer=null)
2025-01-12T01:12:25.248+0100 INFO               [main]                         be.pxl.services.service.PostService - Added review to post: Post(id=1, title=null, content=null, author=null, authorEmail=null, postDate=null, status=REJECTED, reviews=[null], comments=[])
2025-01-12T01:12:39.018+0100 INFO               [main]                         be.pxl.services.controller.PostTests - Starting PostTests using Java 21.0.2 with PID 14024 (started by 12202385 in C:\Users\12202385\Documents\3AONc\Fullstack_JAVA\PE\project-MaartenClaesPXL\backend-java\SpringCloudPXL\post-service)
2025-01-12T01:12:39.018+0100 DEBUG              [main]                         be.pxl.services.controller.PostTests - Running with Spring Boot v3.3.4, Spring v6.1.13
2025-01-12T01:12:39.019+0100 INFO               [main]                         be.pxl.services.controller.PostTests - No active profile set, falling back to 1 default profile: "default"
2025-01-12T01:12:42.479+0100 INFO               [main]                         be.pxl.services.controller.PostTests - Started PostTests in 4.58 seconds (process running for 54.7)
2025-01-12T01:12:42.594+0100 INFO               [main]                         be.pxl.services.api.controller.PostController - GET post: 1
2025-01-12T01:12:42.749+0100 INFO               [main]                         be.pxl.services.api.controller.PostController - Gebruiker - get all posts
2025-01-12T01:12:42.815+0100 INFO               [main]                         be.pxl.services.api.controller.PostController - PUT publish post: 4
2025-01-12T01:12:42.838+0100 INFO               [main]                         be.pxl.services.service.PostService - Published post: Post(id=4, title=test, content=null, author=null, authorEmail=null, postDate=null, status=PUBLISHED, reviews=[], comments=[])
2025-01-12T01:12:42.864+0100 INFO               [main]                         be.pxl.services.api.controller.PostController - GET post: 999
2025-01-12T01:12:42.870+0100 ERROR              [main]                         be.pxl.services.service.PostService - getPostById - post not found
2025-01-12T01:12:42.923+0100 INFO               [main]                         be.pxl.services.api.controller.PostController - PUT post: CreatePostRequest(title=updated, content=null, author=null, authorEmail=null, isConcept=false)
2025-01-12T01:12:42.933+0100 INFO               [main]                         be.pxl.services.service.PostService - Updating unreviewed post
2025-01-12T01:12:42.945+0100 INFO               [main]                         be.pxl.services.service.PostService - Updated post: Post(id=5, title=updated, content=null, author=null, authorEmail=null, postDate=null, status=UNREVIEWED, reviews=[], comments=[])
2025-01-12T01:12:42.992+0100 INFO               [main]                         be.pxl.services.api.controller.PostController - POST post request: CreatePostRequest(title=Test Post, content=null, author=student, authorEmail=12202385@student.pxl.com, isConcept=false)
2025-01-12T01:12:42.993+0100 INFO               [main]                         be.pxl.services.service.PostService - Adding unreviewed post
2025-01-12T01:12:43.004+0100 INFO               [main]                         be.pxl.services.service.PostService - Added post: Post(id=6, title=Test Post, content=null, author=student, authorEmail=12202385@student.pxl.com, postDate=null, status=UNREVIEWED, reviews=null, comments=null)
2025-01-12T01:12:43.050+0100 INFO               [main]                         be.pxl.services.api.controller.PostController - PUT post: CreatePostRequest(title=updated, content=null, author=null, authorEmail=null, isConcept=false)
2025-01-12T01:12:43.059+0100 ERROR              [main]                         be.pxl.services.service.PostService - updatePost - post not found
2025-01-12T01:12:43.077+0100 INFO               [main]                         be.pxl.services.api.controller.PostController - POST post request: CreatePostRequest(title=Test Post, content=null, author=student, authorEmail=12202385@student.pxl.com, isConcept=true)
2025-01-12T01:12:43.078+0100 INFO               [main]                         be.pxl.services.service.PostService - Adding concept post
2025-01-12T01:12:43.090+0100 INFO               [main]                         be.pxl.services.service.PostService - Added post: Post(id=7, title=Test Post, content=null, author=student, authorEmail=12202385@student.pxl.com, postDate=null, status=CONCEPT, reviews=null, comments=null)
2025-01-12T01:12:43.155+0100 INFO               [main]                         be.pxl.services.api.controller.PostController - PUT post: CreatePostRequest(title=updated, content=null, author=null, authorEmail=null, isConcept=true)
2025-01-12T01:12:43.164+0100 INFO               [main]                         be.pxl.services.service.PostService - Updating concept post
2025-01-12T01:12:43.175+0100 INFO               [main]                         be.pxl.services.service.PostService - Updated post: Post(id=8, title=updated, content=null, author=null, authorEmail=null, postDate=null, status=CONCEPT, reviews=[], comments=[])
2025-01-12T01:12:43.223+0100 INFO               [main]                         be.pxl.services.api.controller.PostController - Redacteur - get all posts
2025-01-12T01:20:19.819+0100 INFO               [main]                         be.pxl.services.service.PostServiceTests - Starting PostServiceTests using Java 21.0.2 with PID 34496 (started by 12202385 in C:\Users\12202385\Documents\3AONc\Fullstack_JAVA\PE\project-MaartenClaesPXL\backend-java\SpringCloudPXL\post-service)
2025-01-12T01:20:19.820+0100 DEBUG              [main]                         be.pxl.services.service.PostServiceTests - Running with Spring Boot v3.3.4, Spring v6.1.13
2025-01-12T01:20:19.821+0100 INFO               [main]                         be.pxl.services.service.PostServiceTests - No active profile set, falling back to 1 default profile: "default"
2025-01-12T01:20:31.859+0100 INFO               [main]                         be.pxl.services.service.PostServiceTests - Started PostServiceTests in 13.922 seconds (process running for 28.009)
2025-01-12T01:20:32.228+0100 INFO               [main]                         be.pxl.services.service.PostService - Adding review from queue: ReviewDetail(id=null, postId=1, isApproved=true, description=null, reviewer=null)
2025-01-12T01:20:32.288+0100 INFO               [main]                         be.pxl.services.service.PostService - Added review to post: Post(id=1, title=null, content=null, author=null, authorEmail=null, postDate=null, status=APPROVED, reviews=[null], comments=[])
2025-01-12T01:20:32.313+0100 INFO               [main]                         be.pxl.services.service.PostService - Adding review from queue: ReviewDetail(id=null, postId=1, isApproved=false, description=null, reviewer=null)
2025-01-12T01:20:32.346+0100 INFO               [main]                         be.pxl.services.service.PostService - Added review to post: Post(id=1, title=null, content=null, author=null, authorEmail=null, postDate=null, status=REJECTED, reviews=[null], comments=[])
2025-01-12T01:20:32.467+0100 INFO               [main]                         be.pxl.services.service.PostService - Adding comment from queue: CommentDetail(id=1, postId=2, text=null, commenter=null)
2025-01-12T01:20:32.505+0100 INFO               [main]                         be.pxl.services.service.PostService - Added comment to post: Post(id=2, title=null, content=null, author=null, authorEmail=null, postDate=null, status=null, reviews=[], comments=[1])
2025-01-12T01:21:25.765+0100 INFO               [main]                         be.pxl.services.service.PostServiceTests - Starting PostServiceTests using Java 21.0.2 with PID 38224 (started by 12202385 in C:\Users\12202385\Documents\3AONc\Fullstack_JAVA\PE\project-MaartenClaesPXL\backend-java\SpringCloudPXL\post-service)
2025-01-12T01:21:25.766+0100 DEBUG              [main]                         be.pxl.services.service.PostServiceTests - Running with Spring Boot v3.3.4, Spring v6.1.13
2025-01-12T01:21:25.767+0100 INFO               [main]                         be.pxl.services.service.PostServiceTests - No active profile set, falling back to 1 default profile: "default"
2025-01-12T01:21:36.952+0100 INFO               [main]                         be.pxl.services.service.PostServiceTests - Started PostServiceTests in 13.044 seconds (process running for 26.623)
2025-01-12T01:21:37.287+0100 INFO               [main]                         be.pxl.services.service.PostService - Adding review from queue: ReviewDetail(id=null, postId=1, isApproved=true, description=null, reviewer=null)
2025-01-12T01:21:37.339+0100 INFO               [main]                         be.pxl.services.service.PostService - Added review to post: Post(id=1, title=null, content=null, author=null, authorEmail=null, postDate=null, status=APPROVED, reviews=[null], comments=[])
2025-01-12T01:21:37.363+0100 INFO               [main]                         be.pxl.services.service.PostService - Adding review from queue: ReviewDetail(id=null, postId=1, isApproved=false, description=null, reviewer=null)
2025-01-12T01:21:37.393+0100 INFO               [main]                         be.pxl.services.service.PostService - Added review to post: Post(id=1, title=null, content=null, author=null, authorEmail=null, postDate=null, status=REJECTED, reviews=[null], comments=[])
2025-01-12T01:21:37.509+0100 INFO               [main]                         be.pxl.services.service.PostService - Adding comment from queue: CommentDetail(id=1, postId=2, text=null, commenter=null)
2025-01-12T01:21:37.544+0100 INFO               [main]                         be.pxl.services.service.PostService - Added comment to post: Post(id=2, title=null, content=null, author=null, authorEmail=null, postDate=null, status=null, reviews=[], comments=[1])
2025-01-12T01:24:17.944+0100 INFO               [main]                         be.pxl.services.service.PostServiceTests - Starting PostServiceTests using Java 21.0.2 with PID 37108 (started by 12202385 in C:\Users\12202385\Documents\3AONc\Fullstack_JAVA\PE\project-MaartenClaesPXL\backend-java\SpringCloudPXL\post-service)
2025-01-12T01:24:17.945+0100 DEBUG              [main]                         be.pxl.services.service.PostServiceTests - Running with Spring Boot v3.3.4, Spring v6.1.13
2025-01-12T01:24:17.946+0100 INFO               [main]                         be.pxl.services.service.PostServiceTests - No active profile set, falling back to 1 default profile: "default"
2025-01-12T01:24:29.316+0100 INFO               [main]                         be.pxl.services.service.PostServiceTests - Started PostServiceTests in 13.264 seconds (process running for 28.592)
2025-01-12T01:24:29.731+0100 INFO               [main]                         be.pxl.services.service.PostService - Adding review from queue: ReviewDetail(id=null, postId=1, isApproved=true, description=null, reviewer=null)
2025-01-12T01:24:29.787+0100 INFO               [main]                         be.pxl.services.service.PostService - Added review to post: Post(id=1, title=null, content=null, author=null, authorEmail=null, postDate=null, status=APPROVED, reviews=[null], comments=[])
2025-01-12T01:24:29.806+0100 INFO               [main]                         be.pxl.services.service.PostService - Adding review from queue: ReviewDetail(id=null, postId=1, isApproved=false, description=null, reviewer=null)
2025-01-12T01:24:29.829+0100 INFO               [main]                         be.pxl.services.service.PostService - Added review to post: Post(id=1, title=null, content=null, author=null, authorEmail=null, postDate=null, status=REJECTED, reviews=[null], comments=[])
2025-01-12T01:24:29.914+0100 INFO               [main]                         be.pxl.services.service.PostService - Adding comment from queue: CommentDetail(id=1, postId=2, text=null, commenter=null)
2025-01-12T01:24:29.941+0100 INFO               [main]                         be.pxl.services.service.PostService - Added comment to post: Post(id=2, title=null, content=null, author=null, authorEmail=null, postDate=null, status=null, reviews=[], comments=[1])
2025-01-12T01:25:56.273+0100 INFO               [main]                         be.pxl.services.service.PostServiceTests - Starting PostServiceTests using Java 21.0.2 with PID 30272 (started by 12202385 in C:\Users\12202385\Documents\3AONc\Fullstack_JAVA\PE\project-MaartenClaesPXL\backend-java\SpringCloudPXL\post-service)
2025-01-12T01:25:56.273+0100 DEBUG              [main]                         be.pxl.services.service.PostServiceTests - Running with Spring Boot v3.3.4, Spring v6.1.13
2025-01-12T01:25:56.274+0100 INFO               [main]                         be.pxl.services.service.PostServiceTests - No active profile set, falling back to 1 default profile: "default"
2025-01-12T01:26:06.685+0100 INFO               [main]                         be.pxl.services.service.PostServiceTests - Started PostServiceTests in 12.299 seconds (process running for 26.505)
2025-01-12T01:26:07.043+0100 INFO               [main]                         be.pxl.services.service.PostService - Adding review from queue: ReviewDetail(id=null, postId=1, isApproved=true, description=null, reviewer=null)
2025-01-12T01:26:07.099+0100 INFO               [main]                         be.pxl.services.service.PostService - Added review to post: Post(id=1, title=null, content=null, author=null, authorEmail=null, postDate=null, status=APPROVED, reviews=[null], comments=[])
2025-01-12T01:26:07.117+0100 INFO               [main]                         be.pxl.services.service.PostService - Adding review from queue: ReviewDetail(id=null, postId=1, isApproved=false, description=null, reviewer=null)
2025-01-12T01:26:07.143+0100 INFO               [main]                         be.pxl.services.service.PostService - Added review to post: Post(id=1, title=null, content=null, author=null, authorEmail=null, postDate=null, status=REJECTED, reviews=[null], comments=[])
2025-01-12T01:26:07.237+0100 INFO               [main]                         be.pxl.services.service.PostService - Adding comment from queue: CommentDetail(id=1, postId=2, text=null, commenter=null)
2025-01-12T01:26:07.270+0100 INFO               [main]                         be.pxl.services.service.PostService - Added comment to post: Post(id=2, title=null, content=null, author=null, authorEmail=null, postDate=null, status=null, reviews=[], comments=[1])
2025-01-12T01:27:54.807+0100 INFO               [main]                         be.pxl.services.service.PostServiceTests - Starting PostServiceTests using Java 21.0.2 with PID 27184 (started by 12202385 in C:\Users\12202385\Documents\3AONc\Fullstack_JAVA\PE\project-MaartenClaesPXL\backend-java\SpringCloudPXL\post-service)
2025-01-12T01:27:54.809+0100 DEBUG              [main]                         be.pxl.services.service.PostServiceTests - Running with Spring Boot v3.3.4, Spring v6.1.13
2025-01-12T01:27:54.809+0100 INFO               [main]                         be.pxl.services.service.PostServiceTests - No active profile set, falling back to 1 default profile: "default"
2025-01-12T01:28:06.202+0100 INFO               [main]                         be.pxl.services.service.PostServiceTests - Started PostServiceTests in 13.257 seconds (process running for 25.915)
2025-01-12T01:28:06.547+0100 INFO               [main]                         be.pxl.services.service.PostService - Deleting comment from queue: CommentDetail(id=1, postId=null, text=null, commenter=null)
2025-01-12T01:28:06.643+0100 INFO               [main]                         be.pxl.services.service.PostService - Adding review from queue: ReviewDetail(id=null, postId=2, isApproved=true, description=null, reviewer=null)
2025-01-12T01:28:06.697+0100 INFO               [main]                         be.pxl.services.service.PostService - Added review to post: Post(id=2, title=null, content=null, author=null, authorEmail=null, postDate=null, status=APPROVED, reviews=[null], comments=[])
2025-01-12T01:28:06.711+0100 INFO               [main]                         be.pxl.services.service.PostService - Adding review from queue: ReviewDetail(id=null, postId=2, isApproved=false, description=null, reviewer=null)
2025-01-12T01:28:06.735+0100 INFO               [main]                         be.pxl.services.service.PostService - Added review to post: Post(id=2, title=null, content=null, author=null, authorEmail=null, postDate=null, status=REJECTED, reviews=[null], comments=[])
2025-01-12T01:28:06.793+0100 INFO               [main]                         be.pxl.services.service.PostService - Adding comment from queue: CommentDetail(id=1, postId=3, text=null, commenter=null)
2025-01-12T01:28:06.816+0100 INFO               [main]                         be.pxl.services.service.PostService - Added comment to post: Post(id=3, title=null, content=null, author=null, authorEmail=null, postDate=null, status=null, reviews=[], comments=[1])
2025-01-12T01:28:56.057+0100 INFO               [main]                         be.pxl.services.service.PostServiceTests - Starting PostServiceTests using Java 21.0.2 with PID 19724 (started by 12202385 in C:\Users\12202385\Documents\3AONc\Fullstack_JAVA\PE\project-MaartenClaesPXL\backend-java\SpringCloudPXL\post-service)
2025-01-12T01:28:56.058+0100 DEBUG              [main]                         be.pxl.services.service.PostServiceTests - Running with Spring Boot v3.3.4, Spring v6.1.13
2025-01-12T01:28:56.060+0100 INFO               [main]                         be.pxl.services.service.PostServiceTests - No active profile set, falling back to 1 default profile: "default"
2025-01-12T01:29:07.009+0100 INFO               [main]                         be.pxl.services.service.PostServiceTests - Started PostServiceTests in 12.813 seconds (process running for 26.535)
2025-01-12T01:29:07.367+0100 INFO               [main]                         be.pxl.services.service.PostService - Deleting comment from queue: CommentDetail(id=1, postId=null, text=null, commenter=null)
2025-01-12T01:29:07.473+0100 INFO               [main]                         be.pxl.services.service.PostService - Adding review from queue: ReviewDetail(id=null, postId=2, isApproved=true, description=null, reviewer=null)
2025-01-12T01:29:07.519+0100 INFO               [main]                         be.pxl.services.service.PostService - Added review to post: Post(id=2, title=null, content=null, author=null, authorEmail=null, postDate=null, status=APPROVED, reviews=[null], comments=[])
2025-01-12T01:29:07.533+0100 INFO               [main]                         be.pxl.services.service.PostService - Adding review from queue: ReviewDetail(id=null, postId=2, isApproved=false, description=null, reviewer=null)
2025-01-12T01:29:07.561+0100 INFO               [main]                         be.pxl.services.service.PostService - Added review to post: Post(id=2, title=null, content=null, author=null, authorEmail=null, postDate=null, status=REJECTED, reviews=[null], comments=[])
2025-01-12T01:29:07.623+0100 INFO               [main]                         be.pxl.services.service.PostService - Adding comment from queue: CommentDetail(id=1, postId=3, text=null, commenter=null)
2025-01-12T01:29:07.647+0100 INFO               [main]                         be.pxl.services.service.PostService - Added comment to post: Post(id=3, title=null, content=null, author=null, authorEmail=null, postDate=null, status=null, reviews=[], comments=[1])
2025-01-12T01:30:43.911+0100 INFO               [main]                         be.pxl.services.service.PostServiceTests - Starting PostServiceTests using Java 21.0.2 with PID 42952 (started by 12202385 in C:\Users\12202385\Documents\3AONc\Fullstack_JAVA\PE\project-MaartenClaesPXL\backend-java\SpringCloudPXL\post-service)
2025-01-12T01:30:43.912+0100 DEBUG              [main]                         be.pxl.services.service.PostServiceTests - Running with Spring Boot v3.3.4, Spring v6.1.13
2025-01-12T01:30:43.912+0100 INFO               [main]                         be.pxl.services.service.PostServiceTests - No active profile set, falling back to 1 default profile: "default"
2025-01-12T01:30:55.122+0100 INFO               [main]                         be.pxl.services.service.PostServiceTests - Started PostServiceTests in 13.117 seconds (process running for 27.274)
2025-01-12T01:30:55.497+0100 INFO               [main]                         be.pxl.services.service.PostService - Adding review from queue: ReviewDetail(id=null, postId=1, isApproved=true, description=null, reviewer=null)
2025-01-12T01:30:55.552+0100 INFO               [main]                         be.pxl.services.service.PostService - Added review to post: Post(id=1, title=null, content=null, author=null, authorEmail=null, postDate=null, status=APPROVED, reviews=[null], comments=[])
2025-01-12T01:30:55.572+0100 INFO               [main]                         be.pxl.services.service.PostService - Adding review from queue: ReviewDetail(id=null, postId=1, isApproved=false, description=null, reviewer=null)
2025-01-12T01:30:55.598+0100 INFO               [main]                         be.pxl.services.service.PostService - Added review to post: Post(id=1, title=null, content=null, author=null, authorEmail=null, postDate=null, status=REJECTED, reviews=[null], comments=[])
2025-01-12T01:30:55.685+0100 INFO               [main]                         be.pxl.services.service.PostService - Adding comment from queue: CommentDetail(id=1, postId=2, text=null, commenter=null)
2025-01-12T01:30:55.716+0100 INFO               [main]                         be.pxl.services.service.PostService - Added comment to post: Post(id=2, title=null, content=null, author=null, authorEmail=null, postDate=null, status=null, reviews=[], comments=[1])
2025-01-12T01:33:04.751+0100 INFO               [main]                         be.pxl.services.service.PostServiceTests - Starting PostServiceTests using Java 21.0.2 with PID 37108 (started by 12202385 in C:\Users\12202385\Documents\3AONc\Fullstack_JAVA\PE\project-MaartenClaesPXL\backend-java\SpringCloudPXL\post-service)
2025-01-12T01:33:04.752+0100 DEBUG              [main]                         be.pxl.services.service.PostServiceTests - Running with Spring Boot v3.3.4, Spring v6.1.13
2025-01-12T01:33:04.753+0100 INFO               [main]                         be.pxl.services.service.PostServiceTests - No active profile set, falling back to 1 default profile: "default"
2025-01-12T01:33:14.784+0100 INFO               [main]                         be.pxl.services.service.PostServiceTests - Started PostServiceTests in 11.873 seconds (process running for 24.411)
2025-01-12T01:33:15.092+0100 INFO               [main]                         be.pxl.services.service.PostService - Deleting comment from queue: CommentDetail(id=1, postId=1, text=null, commenter=null)
2025-01-12T01:33:15.130+0100 INFO               [main]                         be.pxl.services.service.PostService - Deleted comment to post: Post(id=1, title=test, content=content, author=author, authorEmail=null, postDate=2025-01-12 01:33:14.979, status=APPROVED, reviews=[], comments=[])
2025-01-12T01:33:15.231+0100 INFO               [main]                         be.pxl.services.service.PostService - Adding review from queue: ReviewDetail(id=null, postId=2, isApproved=true, description=null, reviewer=null)
2025-01-12T01:33:15.271+0100 INFO               [main]                         be.pxl.services.service.PostService - Added review to post: Post(id=2, title=null, content=null, author=null, authorEmail=null, postDate=null, status=APPROVED, reviews=[null], comments=[])
2025-01-12T01:33:15.292+0100 INFO               [main]                         be.pxl.services.service.PostService - Adding review from queue: ReviewDetail(id=null, postId=2, isApproved=false, description=null, reviewer=null)
2025-01-12T01:33:15.322+0100 INFO               [main]                         be.pxl.services.service.PostService - Added review to post: Post(id=2, title=null, content=null, author=null, authorEmail=null, postDate=null, status=REJECTED, reviews=[null], comments=[])
2025-01-12T01:33:15.387+0100 INFO               [main]                         be.pxl.services.service.PostService - Adding comment from queue: CommentDetail(id=1, postId=3, text=null, commenter=null)
2025-01-12T01:33:15.413+0100 INFO               [main]                         be.pxl.services.service.PostService - Added comment to post: Post(id=3, title=null, content=null, author=null, authorEmail=null, postDate=null, status=null, reviews=[], comments=[1])
2025-01-12T01:33:45.389+0100 INFO               [main]                         be.pxl.services.service.PostServiceTests - Starting PostServiceTests using Java 21.0.2 with PID 37036 (started by 12202385 in C:\Users\12202385\Documents\3AONc\Fullstack_JAVA\PE\project-MaartenClaesPXL\backend-java\SpringCloudPXL\post-service)
2025-01-12T01:33:45.391+0100 DEBUG              [main]                         be.pxl.services.service.PostServiceTests - Running with Spring Boot v3.3.4, Spring v6.1.13
2025-01-12T01:33:45.391+0100 INFO               [main]                         be.pxl.services.service.PostServiceTests - No active profile set, falling back to 1 default profile: "default"
2025-01-12T01:34:00.131+0100 INFO               [main]                         be.pxl.services.service.PostServiceTests - Started PostServiceTests in 17.563 seconds (process running for 34.694)
2025-01-12T01:34:00.625+0100 INFO               [main]                         be.pxl.services.service.PostService - Deleting comment from queue: CommentDetail(id=1, postId=1, text=null, commenter=null)
2025-01-12T01:34:00.690+0100 INFO               [main]                         be.pxl.services.service.PostService - Deleted comment to post: Post(id=1, title=test, content=content, author=author, authorEmail=null, postDate=2025-01-12 01:34:00.447, status=APPROVED, reviews=[], comments=[])
2025-01-12T01:34:00.792+0100 INFO               [main]                         be.pxl.services.service.PostService - Adding review from queue: ReviewDetail(id=null, postId=2, isApproved=true, description=null, reviewer=null)
2025-01-12T01:34:00.833+0100 INFO               [main]                         be.pxl.services.service.PostService - Added review to post: Post(id=2, title=null, content=null, author=null, authorEmail=null, postDate=null, status=APPROVED, reviews=[null], comments=[])
2025-01-12T01:34:00.852+0100 INFO               [main]                         be.pxl.services.service.PostService - Adding review from queue: ReviewDetail(id=null, postId=2, isApproved=false, description=null, reviewer=null)
2025-01-12T01:34:00.882+0100 INFO               [main]                         be.pxl.services.service.PostService - Added review to post: Post(id=2, title=null, content=null, author=null, authorEmail=null, postDate=null, status=REJECTED, reviews=[null], comments=[])
2025-01-12T01:34:00.951+0100 INFO               [main]                         be.pxl.services.service.PostService - Adding comment from queue: CommentDetail(id=1, postId=3, text=null, commenter=null)
2025-01-12T01:34:00.978+0100 INFO               [main]                         be.pxl.services.service.PostService - Added comment to post: Post(id=3, title=null, content=null, author=null, authorEmail=null, postDate=null, status=null, reviews=[], comments=[1])
2025-01-12T01:34:13.940+0100 INFO               [main]                         be.pxl.services.controller.PostTests - Starting PostTests using Java 21.0.2 with PID 37036 (started by 12202385 in C:\Users\12202385\Documents\3AONc\Fullstack_JAVA\PE\project-MaartenClaesPXL\backend-java\SpringCloudPXL\post-service)
2025-01-12T01:34:13.940+0100 DEBUG              [main]                         be.pxl.services.controller.PostTests - Running with Spring Boot v3.3.4, Spring v6.1.13
2025-01-12T01:34:13.940+0100 INFO               [main]                         be.pxl.services.controller.PostTests - No active profile set, falling back to 1 default profile: "default"
2025-01-12T01:34:17.438+0100 INFO               [main]                         be.pxl.services.controller.PostTests - Started PostTests in 4.638 seconds (process running for 52.0)
2025-01-12T01:34:17.554+0100 INFO               [main]                         be.pxl.services.api.controller.PostController - GET post: 1
2025-01-12T01:34:17.706+0100 INFO               [main]                         be.pxl.services.api.controller.PostController - Gebruiker - get all posts
2025-01-12T01:34:17.787+0100 INFO               [main]                         be.pxl.services.api.controller.PostController - PUT publish post: 4
2025-01-12T01:34:17.804+0100 INFO               [main]                         be.pxl.services.service.PostService - Published post: Post(id=4, title=test, content=null, author=null, authorEmail=null, postDate=null, status=PUBLISHED, reviews=[], comments=[])
2025-01-12T01:34:17.836+0100 INFO               [main]                         be.pxl.services.api.controller.PostController - GET post: 999
2025-01-12T01:34:17.846+0100 ERROR              [main]                         be.pxl.services.service.PostService - getPostById - post not found
2025-01-12T01:34:17.907+0100 INFO               [main]                         be.pxl.services.api.controller.PostController - PUT post: CreatePostRequest(title=updated, content=null, author=null, authorEmail=null, isConcept=false)
2025-01-12T01:34:17.918+0100 INFO               [main]                         be.pxl.services.service.PostService - Updating unreviewed post
2025-01-12T01:34:17.928+0100 INFO               [main]                         be.pxl.services.service.PostService - Updated post: Post(id=5, title=updated, content=null, author=null, authorEmail=null, postDate=null, status=UNREVIEWED, reviews=[], comments=[])
2025-01-12T01:34:17.969+0100 INFO               [main]                         be.pxl.services.api.controller.PostController - POST post request: CreatePostRequest(title=Test Post, content=null, author=student, authorEmail=12202385@student.pxl.com, isConcept=false)
2025-01-12T01:34:17.969+0100 INFO               [main]                         be.pxl.services.service.PostService - Adding unreviewed post
2025-01-12T01:34:17.977+0100 INFO               [main]                         be.pxl.services.service.PostService - Added post: Post(id=6, title=Test Post, content=null, author=student, authorEmail=12202385@student.pxl.com, postDate=null, status=UNREVIEWED, reviews=null, comments=null)
2025-01-12T01:34:18.012+0100 INFO               [main]                         be.pxl.services.api.controller.PostController - PUT post: CreatePostRequest(title=updated, content=null, author=null, authorEmail=null, isConcept=false)
2025-01-12T01:34:18.018+0100 ERROR              [main]                         be.pxl.services.service.PostService - updatePost - post not found
2025-01-12T01:34:18.030+0100 INFO               [main]                         be.pxl.services.api.controller.PostController - POST post request: CreatePostRequest(title=Test Post, content=null, author=student, authorEmail=12202385@student.pxl.com, isConcept=true)
2025-01-12T01:34:18.030+0100 INFO               [main]                         be.pxl.services.service.PostService - Adding concept post
2025-01-12T01:34:18.038+0100 INFO               [main]                         be.pxl.services.service.PostService - Added post: Post(id=7, title=Test Post, content=null, author=student, authorEmail=12202385@student.pxl.com, postDate=null, status=CONCEPT, reviews=null, comments=null)
2025-01-12T01:34:18.088+0100 INFO               [main]                         be.pxl.services.api.controller.PostController - PUT post: CreatePostRequest(title=updated, content=null, author=null, authorEmail=null, isConcept=true)
2025-01-12T01:34:18.097+0100 INFO               [main]                         be.pxl.services.service.PostService - Updating concept post
2025-01-12T01:34:18.106+0100 INFO               [main]                         be.pxl.services.service.PostService - Updated post: Post(id=8, title=updated, content=null, author=null, authorEmail=null, postDate=null, status=CONCEPT, reviews=[], comments=[])
2025-01-12T01:34:18.153+0100 INFO               [main]                         be.pxl.services.api.controller.PostController - Redacteur - get all posts
2025-01-12T01:36:48.555+0100 INFO               [main]                         be.pxl.services.service.PostServiceTests - Starting PostServiceTests using Java 21.0.2 with PID 34324 (started by 12202385 in C:\Users\12202385\Documents\3AONc\Fullstack_JAVA\PE\project-MaartenClaesPXL\backend-java\SpringCloudPXL\post-service)
2025-01-12T01:36:48.556+0100 DEBUG              [main]                         be.pxl.services.service.PostServiceTests - Running with Spring Boot v3.3.4, Spring v6.1.13
2025-01-12T01:36:48.557+0100 INFO               [main]                         be.pxl.services.service.PostServiceTests - No active profile set, falling back to 1 default profile: "default"
2025-01-12T01:37:03.725+0100 INFO               [main]                         be.pxl.services.service.PostServiceTests - Started PostServiceTests in 17.757 seconds (process running for 35.444)
2025-01-12T01:37:04.320+0100 INFO               [main]                         be.pxl.services.service.PostService - Deleting comment from queue: CommentDetail(id=1, postId=1, text=null, commenter=null)
2025-01-12T01:37:04.396+0100 INFO               [main]                         be.pxl.services.service.PostService - Deleted comment to post: Post(id=1, title=test, content=content, author=author, authorEmail=null, postDate=2025-01-12 01:37:04.123, status=APPROVED, reviews=[], comments=[])
2025-01-12T01:37:04.535+0100 INFO               [main]                         be.pxl.services.service.PostService - Adding review from queue: ReviewDetail(id=null, postId=2, isApproved=true, description=null, reviewer=null)
2025-01-12T01:37:04.585+0100 INFO               [main]                         be.pxl.services.service.PostService - Added review to post: Post(id=2, title=null, content=null, author=null, authorEmail=null, postDate=null, status=APPROVED, reviews=[null], comments=[])
2025-01-12T01:37:04.609+0100 INFO               [main]                         be.pxl.services.service.PostService - Adding review from queue: ReviewDetail(id=null, postId=2, isApproved=false, description=null, reviewer=null)
2025-01-12T01:37:04.647+0100 INFO               [main]                         be.pxl.services.service.PostService - Added review to post: Post(id=2, title=null, content=null, author=null, authorEmail=null, postDate=null, status=REJECTED, reviews=[null], comments=[])
2025-01-12T01:37:04.729+0100 INFO               [main]                         be.pxl.services.service.PostService - Adding comment from queue: CommentDetail(id=1, postId=3, text=null, commenter=null)
2025-01-12T01:37:04.763+0100 INFO               [main]                         be.pxl.services.service.PostService - Added comment to post: Post(id=3, title=null, content=null, author=null, authorEmail=null, postDate=null, status=null, reviews=[], comments=[1])
2025-01-12T01:37:19.092+0100 INFO               [main]                         be.pxl.services.controller.PostTests - Starting PostTests using Java 21.0.2 with PID 34324 (started by 12202385 in C:\Users\12202385\Documents\3AONc\Fullstack_JAVA\PE\project-MaartenClaesPXL\backend-java\SpringCloudPXL\post-service)
2025-01-12T01:37:19.092+0100 DEBUG              [main]                         be.pxl.services.controller.PostTests - Running with Spring Boot v3.3.4, Spring v6.1.13
2025-01-12T01:37:19.093+0100 INFO               [main]                         be.pxl.services.controller.PostTests - No active profile set, falling back to 1 default profile: "default"
2025-01-12T01:37:22.793+0100 INFO               [main]                         be.pxl.services.controller.PostTests - Started PostTests in 4.83 seconds (process running for 54.513)
2025-01-12T01:37:22.905+0100 INFO               [main]                         be.pxl.services.api.controller.PostController - GET post: 1
2025-01-12T01:37:23.061+0100 INFO               [main]                         be.pxl.services.api.controller.PostController - Gebruiker - get all posts
2025-01-12T01:37:23.136+0100 INFO               [main]                         be.pxl.services.api.controller.PostController - PUT publish post: 4
2025-01-12T01:37:23.156+0100 INFO               [main]                         be.pxl.services.service.PostService - Published post: Post(id=4, title=test, content=null, author=null, authorEmail=null, postDate=null, status=PUBLISHED, reviews=[], comments=[])
2025-01-12T01:37:23.180+0100 INFO               [main]                         be.pxl.services.api.controller.PostController - GET post: 999
2025-01-12T01:37:23.187+0100 ERROR              [main]                         be.pxl.services.service.PostService - getPostById - post not found
2025-01-12T01:37:23.242+0100 INFO               [main]                         be.pxl.services.api.controller.PostController - PUT post: CreatePostRequest(title=updated, content=null, author=null, authorEmail=null, isConcept=false)
2025-01-12T01:37:23.252+0100 INFO               [main]                         be.pxl.services.service.PostService - Updating unreviewed post
2025-01-12T01:37:23.260+0100 INFO               [main]                         be.pxl.services.service.PostService - Updated post: Post(id=5, title=updated, content=null, author=null, authorEmail=null, postDate=null, status=UNREVIEWED, reviews=[], comments=[])
2025-01-12T01:37:23.299+0100 INFO               [main]                         be.pxl.services.api.controller.PostController - POST post request: CreatePostRequest(title=Test Post, content=null, author=student, authorEmail=12202385@student.pxl.com, isConcept=false)
2025-01-12T01:37:23.299+0100 INFO               [main]                         be.pxl.services.service.PostService - Adding unreviewed post
2025-01-12T01:37:23.308+0100 INFO               [main]                         be.pxl.services.service.PostService - Added post: Post(id=6, title=Test Post, content=null, author=student, authorEmail=12202385@student.pxl.com, postDate=null, status=UNREVIEWED, reviews=null, comments=null)
2025-01-12T01:37:23.346+0100 INFO               [main]                         be.pxl.services.api.controller.PostController - PUT post: CreatePostRequest(title=updated, content=null, author=null, authorEmail=null, isConcept=false)
2025-01-12T01:37:23.353+0100 ERROR              [main]                         be.pxl.services.service.PostService - updatePost - post not found
2025-01-12T01:37:23.367+0100 INFO               [main]                         be.pxl.services.api.controller.PostController - POST post request: CreatePostRequest(title=Test Post, content=null, author=student, authorEmail=12202385@student.pxl.com, isConcept=true)
2025-01-12T01:37:23.367+0100 INFO               [main]                         be.pxl.services.service.PostService - Adding concept post
2025-01-12T01:37:23.375+0100 INFO               [main]                         be.pxl.services.service.PostService - Added post: Post(id=7, title=Test Post, content=null, author=student, authorEmail=12202385@student.pxl.com, postDate=null, status=CONCEPT, reviews=null, comments=null)
2025-01-12T01:37:23.425+0100 INFO               [main]                         be.pxl.services.api.controller.PostController - PUT post: CreatePostRequest(title=updated, content=null, author=null, authorEmail=null, isConcept=true)
2025-01-12T01:37:23.433+0100 INFO               [main]                         be.pxl.services.service.PostService - Updating concept post
2025-01-12T01:37:23.440+0100 INFO               [main]                         be.pxl.services.service.PostService - Updated post: Post(id=8, title=updated, content=null, author=null, authorEmail=null, postDate=null, status=CONCEPT, reviews=[], comments=[])
2025-01-12T01:37:23.492+0100 INFO               [main]                         be.pxl.services.api.controller.PostController - Redacteur - get all posts
2025-01-12T17:43:17.979+0100 INFO               [main]                         be.pxl.services.service.PostServiceTests - Starting PostServiceTests using Java 21.0.2 with PID 32212 (started by 12202385 in C:\Users\12202385\Documents\3AONc\Fullstack_JAVA\PE\project-MaartenClaesPXL\backend-java\SpringCloudPXL\post-service)
2025-01-12T17:43:17.981+0100 DEBUG              [main]                         be.pxl.services.service.PostServiceTests - Running with Spring Boot v3.3.4, Spring v6.1.13
2025-01-12T17:43:17.983+0100 INFO               [main]                         be.pxl.services.service.PostServiceTests - No active profile set, falling back to 1 default profile: "default"
2025-01-12T17:43:32.979+0100 INFO               [main]                         be.pxl.services.service.PostServiceTests - Started PostServiceTests in 17.882 seconds (process running for 36.317)
2025-01-12T17:43:33.507+0100 INFO               [main]                         be.pxl.services.service.PostService - Deleting comment from queue: CommentDetail(id=1, postId=1, text=null, commenter=null)
2025-01-12T17:43:33.560+0100 INFO               [main]                         be.pxl.services.service.PostService - Deleted comment to post: Post(id=1, title=test, content=content, author=author, authorEmail=null, postDate=2025-01-12 17:43:33.322, status=APPROVED, reviews=[], comments=[])
2025-01-12T17:43:33.682+0100 INFO               [main]                         be.pxl.services.service.PostService - Adding review from queue: ReviewDetail(id=null, postId=2, isApproved=true, description=null, reviewer=null)
2025-01-12T17:43:33.730+0100 INFO               [main]                         be.pxl.services.service.PostService - Added review to post: Post(id=2, title=null, content=null, author=null, authorEmail=null, postDate=null, status=APPROVED, reviews=[null], comments=[])
2025-01-12T17:43:33.750+0100 INFO               [main]                         be.pxl.services.service.PostService - Adding review from queue: ReviewDetail(id=null, postId=2, isApproved=false, description=null, reviewer=null)
2025-01-12T17:43:33.797+0100 INFO               [main]                         be.pxl.services.service.PostService - Added review to post: Post(id=2, title=null, content=null, author=null, authorEmail=null, postDate=null, status=REJECTED, reviews=[null], comments=[])
2025-01-12T17:43:33.887+0100 INFO               [main]                         be.pxl.services.service.PostService - Adding comment from queue: CommentDetail(id=1, postId=3, text=null, commenter=null)
2025-01-12T17:43:33.918+0100 INFO               [main]                         be.pxl.services.service.PostService - Added comment to post: Post(id=3, title=null, content=null, author=null, authorEmail=null, postDate=null, status=null, reviews=[], comments=[1])
2025-01-12T17:43:49.722+0100 INFO               [main]                         be.pxl.services.controller.PostTests - Starting PostTests using Java 21.0.2 with PID 32212 (started by 12202385 in C:\Users\12202385\Documents\3AONc\Fullstack_JAVA\PE\project-MaartenClaesPXL\backend-java\SpringCloudPXL\post-service)
2025-01-12T17:43:49.722+0100 DEBUG              [main]                         be.pxl.services.controller.PostTests - Running with Spring Boot v3.3.4, Spring v6.1.13
2025-01-12T17:43:49.722+0100 INFO               [main]                         be.pxl.services.controller.PostTests - No active profile set, falling back to 1 default profile: "default"
2025-01-12T17:43:53.716+0100 INFO               [main]                         be.pxl.services.controller.PostTests - Started PostTests in 5.145 seconds (process running for 57.053)
2025-01-12T17:43:53.946+0100 INFO               [main]                         be.pxl.services.api.controller.PostController - GET post: 1
2025-01-12T17:43:54.172+0100 INFO               [main]                         be.pxl.services.api.controller.PostController - Gebruiker - get all posts
2025-01-12T17:43:54.312+0100 INFO               [main]                         be.pxl.services.api.controller.PostController - PUT publish post: 4
2025-01-12T17:43:54.346+0100 INFO               [main]                         be.pxl.services.service.PostService - Published post: Post(id=4, title=test, content=null, author=null, authorEmail=null, postDate=Sun Jan 12 17:43:54 CET 2025, status=PUBLISHED, reviews=[], comments=[])
2025-01-12T17:43:54.396+0100 INFO               [main]                         be.pxl.services.api.controller.PostController - GET post: 999
2025-01-12T17:43:54.407+0100 ERROR              [main]                         be.pxl.services.service.PostService - getPostById - post not found
2025-01-12T17:43:54.509+0100 INFO               [main]                         be.pxl.services.api.controller.PostController - PUT post: CreatePostRequest(title=updated, content=null, author=null, authorEmail=null, isConcept=false)
2025-01-12T17:43:54.525+0100 INFO               [main]                         be.pxl.services.service.PostService - Updating unreviewed post
2025-01-12T17:43:54.541+0100 INFO               [main]                         be.pxl.services.service.PostService - Updated post: Post(id=5, title=updated, content=null, author=null, authorEmail=null, postDate=Sun Jan 12 17:43:54 CET 2025, status=UNREVIEWED, reviews=[], comments=[])
2025-01-12T17:43:54.602+0100 INFO               [main]                         be.pxl.services.api.controller.PostController - POST post request: CreatePostRequest(title=Test Post, content=null, author=student, authorEmail=12202385@student.pxl.com, isConcept=false)
2025-01-12T17:43:54.603+0100 INFO               [main]                         be.pxl.services.service.PostService - Adding unreviewed post
2025-01-12T17:43:54.618+0100 INFO               [main]                         be.pxl.services.service.PostService - Added post: Post(id=6, title=Test Post, content=null, author=student, authorEmail=12202385@student.pxl.com, postDate=Sun Jan 12 17:43:54 CET 2025, status=UNREVIEWED, reviews=null, comments=null)
2025-01-12T17:43:54.674+0100 INFO               [main]                         be.pxl.services.api.controller.PostController - PUT post: CreatePostRequest(title=updated, content=null, author=null, authorEmail=null, isConcept=false)
2025-01-12T17:43:54.684+0100 ERROR              [main]                         be.pxl.services.service.PostService - updatePost - post not found
2025-01-12T17:43:54.700+0100 INFO               [main]                         be.pxl.services.api.controller.PostController - POST post request: CreatePostRequest(title=Test Post, content=null, author=student, authorEmail=12202385@student.pxl.com, isConcept=true)
2025-01-12T17:43:54.700+0100 INFO               [main]                         be.pxl.services.service.PostService - Adding concept post
2025-01-12T17:43:54.711+0100 INFO               [main]                         be.pxl.services.service.PostService - Added post: Post(id=7, title=Test Post, content=null, author=student, authorEmail=12202385@student.pxl.com, postDate=Sun Jan 12 17:43:54 CET 2025, status=CONCEPT, reviews=null, comments=null)
2025-01-12T17:43:54.777+0100 INFO               [main]                         be.pxl.services.api.controller.PostController - PUT post: CreatePostRequest(title=updated, content=null, author=null, authorEmail=null, isConcept=true)
2025-01-12T17:43:54.789+0100 INFO               [main]                         be.pxl.services.service.PostService - Updating concept post
2025-01-12T17:43:54.800+0100 INFO               [main]                         be.pxl.services.service.PostService - Updated post: Post(id=8, title=updated, content=null, author=null, authorEmail=null, postDate=Sun Jan 12 17:43:54 CET 2025, status=CONCEPT, reviews=[], comments=[])
2025-01-12T17:43:54.863+0100 INFO               [main]                         be.pxl.services.api.controller.PostController - Redacteur - get all posts
2025-01-12T17:46:54.093+0100 INFO               [main]                         be.pxl.services.service.PostServiceTests - Starting PostServiceTests using Java 21.0.2 with PID 6360 (started by 12202385 in C:\Users\12202385\Documents\3AONc\Fullstack_JAVA\PE\project-MaartenClaesPXL\backend-java\SpringCloudPXL\post-service)
2025-01-12T17:46:54.096+0100 DEBUG              [main]                         be.pxl.services.service.PostServiceTests - Running with Spring Boot v3.3.4, Spring v6.1.13
2025-01-12T17:46:54.098+0100 INFO               [main]                         be.pxl.services.service.PostServiceTests - No active profile set, falling back to 1 default profile: "default"
2025-01-12T17:47:09.564+0100 INFO               [main]                         be.pxl.services.service.PostServiceTests - Started PostServiceTests in 18.211 seconds (process running for 39.979)
2025-01-12T17:47:10.331+0100 INFO               [main]                         be.pxl.services.service.PostService - Deleting comment from queue: CommentDetail(id=1, postId=1, text=null, commenter=null)
2025-01-12T17:47:10.394+0100 INFO               [main]                         be.pxl.services.service.PostService - Deleted comment to post: Post(id=1, title=test, content=content, author=author, authorEmail=null, postDate=2025-01-12 17:47:10.112, status=APPROVED, reviews=[], comments=[])
2025-01-12T17:47:10.517+0100 INFO               [main]                         be.pxl.services.service.PostService - Adding review from queue: ReviewDetail(id=null, postId=2, isApproved=true, description=null, reviewer=null)
2025-01-12T17:47:10.596+0100 INFO               [main]                         be.pxl.services.service.PostService - Added review to post: Post(id=2, title=null, content=null, author=null, authorEmail=null, postDate=null, status=APPROVED, reviews=[null], comments=[])
2025-01-12T17:47:10.622+0100 INFO               [main]                         be.pxl.services.service.PostService - Adding review from queue: ReviewDetail(id=null, postId=2, isApproved=false, description=null, reviewer=null)
2025-01-12T17:47:10.662+0100 INFO               [main]                         be.pxl.services.service.PostService - Added review to post: Post(id=2, title=null, content=null, author=null, authorEmail=null, postDate=null, status=REJECTED, reviews=[null], comments=[])
2025-01-12T17:47:10.754+0100 INFO               [main]                         be.pxl.services.service.PostService - Adding comment from queue: CommentDetail(id=1, postId=3, text=null, commenter=null)
2025-01-12T17:47:10.792+0100 INFO               [main]                         be.pxl.services.service.PostService - Added comment to post: Post(id=3, title=null, content=null, author=null, authorEmail=null, postDate=null, status=null, reviews=[], comments=[1])
2025-01-12T17:47:24.775+0100 INFO               [main]                         be.pxl.services.controller.PostTests - Starting PostTests using Java 21.0.2 with PID 6360 (started by 12202385 in C:\Users\12202385\Documents\3AONc\Fullstack_JAVA\PE\project-MaartenClaesPXL\backend-java\SpringCloudPXL\post-service)
2025-01-12T17:47:24.775+0100 DEBUG              [main]                         be.pxl.services.controller.PostTests - Running with Spring Boot v3.3.4, Spring v6.1.13
2025-01-12T17:47:24.776+0100 INFO               [main]                         be.pxl.services.controller.PostTests - No active profile set, falling back to 1 default profile: "default"
2025-01-12T17:47:28.239+0100 INFO               [main]                         be.pxl.services.controller.PostTests - Started PostTests in 4.629 seconds (process running for 58.653)
2025-01-12T17:47:28.349+0100 INFO               [main]                         be.pxl.services.api.controller.PostController - GET post: 1
2025-01-12T17:47:28.524+0100 INFO               [main]                         be.pxl.services.api.controller.PostController - Gebruiker - get all posts
2025-01-12T17:47:28.637+0100 INFO               [main]                         be.pxl.services.api.controller.PostController - PUT publish post: 4
2025-01-12T17:47:28.658+0100 INFO               [main]                         be.pxl.services.service.PostService - Published post: Post(id=4, title=test, content=null, author=null, authorEmail=null, postDate=Sun Jan 12 17:47:28 CET 2025, status=PUBLISHED, reviews=[], comments=[])
2025-01-12T17:47:28.686+0100 INFO               [main]                         be.pxl.services.api.controller.PostController - GET post: 999
2025-01-12T17:47:28.692+0100 ERROR              [main]                         be.pxl.services.service.PostService - getPostById - post not found
2025-01-12T17:47:28.775+0100 INFO               [main]                         be.pxl.services.api.controller.PostController - PUT post: CreatePostRequest(title=updated, content=null, author=null, authorEmail=null, isConcept=false)
2025-01-12T17:47:28.790+0100 INFO               [main]                         be.pxl.services.service.PostService - Updating unreviewed post
2025-01-12T17:47:28.800+0100 INFO               [main]                         be.pxl.services.service.PostService - Updated post: Post(id=5, title=updated, content=null, author=null, authorEmail=null, postDate=Sun Jan 12 17:47:28 CET 2025, status=UNREVIEWED, reviews=[], comments=[])
2025-01-12T17:47:28.840+0100 INFO               [main]                         be.pxl.services.api.controller.PostController - POST post request: CreatePostRequest(title=Test Post, content=null, author=student, authorEmail=12202385@student.pxl.com, isConcept=false)
2025-01-12T17:47:28.840+0100 INFO               [main]                         be.pxl.services.service.PostService - Adding unreviewed post
2025-01-12T17:47:28.848+0100 INFO               [main]                         be.pxl.services.service.PostService - Added post: Post(id=6, title=Test Post, content=null, author=student, authorEmail=12202385@student.pxl.com, postDate=Sun Jan 12 17:47:28 CET 2025, status=UNREVIEWED, reviews=null, comments=null)
2025-01-12T17:47:28.884+0100 INFO               [main]                         be.pxl.services.api.controller.PostController - PUT post: CreatePostRequest(title=updated, content=null, author=null, authorEmail=null, isConcept=false)
2025-01-12T17:47:28.890+0100 ERROR              [main]                         be.pxl.services.service.PostService - updatePost - post not found
2025-01-12T17:47:28.904+0100 INFO               [main]                         be.pxl.services.api.controller.PostController - POST post request: CreatePostRequest(title=Test Post, content=null, author=student, authorEmail=12202385@student.pxl.com, isConcept=true)
2025-01-12T17:47:28.904+0100 INFO               [main]                         be.pxl.services.service.PostService - Adding concept post
2025-01-12T17:47:28.912+0100 INFO               [main]                         be.pxl.services.service.PostService - Added post: Post(id=7, title=Test Post, content=null, author=student, authorEmail=12202385@student.pxl.com, postDate=Sun Jan 12 17:47:28 CET 2025, status=CONCEPT, reviews=null, comments=null)
2025-01-12T17:47:28.962+0100 INFO               [main]                         be.pxl.services.api.controller.PostController - PUT post: CreatePostRequest(title=updated, content=null, author=null, authorEmail=null, isConcept=true)
2025-01-12T17:47:28.970+0100 INFO               [main]                         be.pxl.services.service.PostService - Updating concept post
2025-01-12T17:47:28.981+0100 INFO               [main]                         be.pxl.services.service.PostService - Updated post: Post(id=8, title=updated, content=null, author=null, authorEmail=null, postDate=Sun Jan 12 17:47:28 CET 2025, status=CONCEPT, reviews=[], comments=[])
2025-01-12T17:47:29.034+0100 INFO               [main]                         be.pxl.services.api.controller.PostController - Redacteur - get all posts
2025-01-12T17:49:45.605+0100 INFO               [main]                         be.pxl.services.service.PostServiceTests - Starting PostServiceTests using Java 21.0.2 with PID 23964 (started by 12202385 in C:\Users\12202385\Documents\3AONc\Fullstack_JAVA\PE\project-MaartenClaesPXL\backend-java\SpringCloudPXL\post-service)
2025-01-12T17:49:45.606+0100 DEBUG              [main]                         be.pxl.services.service.PostServiceTests - Running with Spring Boot v3.3.4, Spring v6.1.13
2025-01-12T17:49:45.607+0100 INFO               [main]                         be.pxl.services.service.PostServiceTests - No active profile set, falling back to 1 default profile: "default"
2025-01-12T17:50:01.477+0100 INFO               [main]                         be.pxl.services.service.PostServiceTests - Started PostServiceTests in 18.695 seconds (process running for 36.629)
2025-01-12T17:50:01.994+0100 INFO               [main]                         be.pxl.services.service.PostService - Deleting comment from queue: CommentDetail(id=1, postId=1, text=null, commenter=null)
2025-01-12T17:50:02.044+0100 INFO               [main]                         be.pxl.services.service.PostService - Deleted comment to post: Post(id=1, title=test, content=content, author=author, authorEmail=null, postDate=2025-01-12 17:50:01.799, status=APPROVED, reviews=[], comments=[])
2025-01-12T17:50:02.142+0100 INFO               [main]                         be.pxl.services.service.PostService - Adding review from queue: ReviewDetail(id=null, postId=2, isApproved=true, description=null, reviewer=null)
2025-01-12T17:50:02.185+0100 INFO               [main]                         be.pxl.services.service.PostService - Added review to post: Post(id=2, title=null, content=null, author=null, authorEmail=null, postDate=null, status=APPROVED, reviews=[null], comments=[])
2025-01-12T17:50:02.201+0100 INFO               [main]                         be.pxl.services.service.PostService - Adding review from queue: ReviewDetail(id=null, postId=2, isApproved=false, description=null, reviewer=null)
2025-01-12T17:50:02.227+0100 INFO               [main]                         be.pxl.services.service.PostService - Added review to post: Post(id=2, title=null, content=null, author=null, authorEmail=null, postDate=null, status=REJECTED, reviews=[null], comments=[])
2025-01-12T17:50:02.287+0100 INFO               [main]                         be.pxl.services.service.PostService - Adding comment from queue: CommentDetail(id=1, postId=3, text=null, commenter=null)
2025-01-12T17:50:02.312+0100 INFO               [main]                         be.pxl.services.service.PostService - Added comment to post: Post(id=3, title=null, content=null, author=null, authorEmail=null, postDate=null, status=null, reviews=[], comments=[1])
2025-01-12T17:50:15.401+0100 INFO               [main]                         be.pxl.services.controller.PostTests - Starting PostTests using Java 21.0.2 with PID 23964 (started by 12202385 in C:\Users\12202385\Documents\3AONc\Fullstack_JAVA\PE\project-MaartenClaesPXL\backend-java\SpringCloudPXL\post-service)
2025-01-12T17:50:15.401+0100 DEBUG              [main]                         be.pxl.services.controller.PostTests - Running with Spring Boot v3.3.4, Spring v6.1.13
2025-01-12T17:50:15.401+0100 INFO               [main]                         be.pxl.services.controller.PostTests - No active profile set, falling back to 1 default profile: "default"
2025-01-12T17:50:18.940+0100 INFO               [main]                         be.pxl.services.controller.PostTests - Started PostTests in 4.666 seconds (process running for 54.092)
2025-01-12T17:50:19.045+0100 INFO               [main]                         be.pxl.services.api.controller.PostController - GET post: 1
2025-01-12T17:50:19.203+0100 INFO               [main]                         be.pxl.services.api.controller.PostController - Gebruiker - get all posts
2025-01-12T17:50:19.284+0100 INFO               [main]                         be.pxl.services.api.controller.PostController - PUT publish post: 4
2025-01-12T17:50:19.303+0100 INFO               [main]                         be.pxl.services.service.PostService - Published post: Post(id=4, title=test, content=null, author=null, authorEmail=null, postDate=Sun Jan 12 17:50:19 CET 2025, status=PUBLISHED, reviews=[], comments=[])
2025-01-12T17:50:19.330+0100 INFO               [main]                         be.pxl.services.api.controller.PostController - GET post: 999
2025-01-12T17:50:19.337+0100 ERROR              [main]                         be.pxl.services.service.PostService - getPostById - post not found
2025-01-12T17:50:19.401+0100 INFO               [main]                         be.pxl.services.api.controller.PostController - PUT post: CreatePostRequest(title=updated, content=null, author=null, authorEmail=null, isConcept=false)
2025-01-12T17:50:19.413+0100 INFO               [main]                         be.pxl.services.service.PostService - Updating unreviewed post
2025-01-12T17:50:19.424+0100 INFO               [main]                         be.pxl.services.service.PostService - Updated post: Post(id=5, title=updated, content=null, author=null, authorEmail=null, postDate=Sun Jan 12 17:50:19 CET 2025, status=UNREVIEWED, reviews=[], comments=[])
2025-01-12T17:50:19.476+0100 INFO               [main]                         be.pxl.services.api.controller.PostController - POST post request: CreatePostRequest(title=Test Post, content=null, author=student, authorEmail=12202385@student.pxl.com, isConcept=false)
2025-01-12T17:50:19.476+0100 INFO               [main]                         be.pxl.services.service.PostService - Adding unreviewed post
2025-01-12T17:50:19.486+0100 INFO               [main]                         be.pxl.services.service.PostService - Added post: Post(id=6, title=Test Post, content=null, author=student, authorEmail=12202385@student.pxl.com, postDate=Sun Jan 12 17:50:19 CET 2025, status=UNREVIEWED, reviews=null, comments=null)
2025-01-12T17:50:19.523+0100 INFO               [main]                         be.pxl.services.api.controller.PostController - PUT post: CreatePostRequest(title=updated, content=null, author=null, authorEmail=null, isConcept=false)
2025-01-12T17:50:19.529+0100 ERROR              [main]                         be.pxl.services.service.PostService - updatePost - post not found
2025-01-12T17:50:19.542+0100 INFO               [main]                         be.pxl.services.api.controller.PostController - POST post request: CreatePostRequest(title=Test Post, content=null, author=student, authorEmail=12202385@student.pxl.com, isConcept=true)
2025-01-12T17:50:19.543+0100 INFO               [main]                         be.pxl.services.service.PostService - Adding concept post
2025-01-12T17:50:19.551+0100 INFO               [main]                         be.pxl.services.service.PostService - Added post: Post(id=7, title=Test Post, content=null, author=student, authorEmail=12202385@student.pxl.com, postDate=Sun Jan 12 17:50:19 CET 2025, status=CONCEPT, reviews=null, comments=null)
2025-01-12T17:50:19.600+0100 INFO               [main]                         be.pxl.services.api.controller.PostController - PUT post: CreatePostRequest(title=updated, content=null, author=null, authorEmail=null, isConcept=true)
2025-01-12T17:50:19.608+0100 INFO               [main]                         be.pxl.services.service.PostService - Updating concept post
2025-01-12T17:50:19.618+0100 INFO               [main]                         be.pxl.services.service.PostService - Updated post: Post(id=8, title=updated, content=null, author=null, authorEmail=null, postDate=Sun Jan 12 17:50:19 CET 2025, status=CONCEPT, reviews=[], comments=[])
2025-01-12T17:50:19.669+0100 INFO               [main]                         be.pxl.services.api.controller.PostController - Redacteur - get all posts
2025-01-12T17:53:39.698+0100 INFO               [main]                         be.pxl.services.service.PostServiceTests - Starting PostServiceTests using Java 21.0.2 with PID 19756 (started by 12202385 in C:\Users\12202385\Documents\3AONc\Fullstack_JAVA\PE\project-MaartenClaesPXL\backend-java\SpringCloudPXL\post-service)
2025-01-12T17:53:39.700+0100 DEBUG              [main]                         be.pxl.services.service.PostServiceTests - Running with Spring Boot v3.3.4, Spring v6.1.13
2025-01-12T17:53:39.701+0100 INFO               [main]                         be.pxl.services.service.PostServiceTests - No active profile set, falling back to 1 default profile: "default"
2025-01-12T17:53:53.620+0100 INFO               [main]                         be.pxl.services.service.PostServiceTests - Started PostServiceTests in 16.759 seconds (process running for 33.473)
2025-01-12T17:53:54.091+0100 INFO               [main]                         be.pxl.services.service.PostService - Deleting comment from queue: CommentDetail(id=1, postId=1, text=null, commenter=null)
2025-01-12T17:53:54.140+0100 INFO               [main]                         be.pxl.services.service.PostService - Deleted comment to post: Post(id=1, title=test, content=content, author=author, authorEmail=null, postDate=2025-01-12 17:53:53.92, status=APPROVED, reviews=[], comments=[])
2025-01-12T17:53:54.248+0100 INFO               [main]                         be.pxl.services.service.PostService - Adding review from queue: ReviewDetail(id=null, postId=2, isApproved=true, description=null, reviewer=null)
2025-01-12T17:53:54.280+0100 INFO               [main]                         be.pxl.services.service.PostService - Added review to post: Post(id=2, title=null, content=null, author=null, authorEmail=null, postDate=null, status=APPROVED, reviews=[null], comments=[])
2025-01-12T17:53:54.297+0100 INFO               [main]                         be.pxl.services.service.PostService - Adding review from queue: ReviewDetail(id=null, postId=2, isApproved=false, description=null, reviewer=null)
2025-01-12T17:53:54.323+0100 INFO               [main]                         be.pxl.services.service.PostService - Added review to post: Post(id=2, title=null, content=null, author=null, authorEmail=null, postDate=null, status=REJECTED, reviews=[null], comments=[])
2025-01-12T17:53:54.387+0100 INFO               [main]                         be.pxl.services.service.PostService - Adding comment from queue: CommentDetail(id=1, postId=3, text=null, commenter=null)
2025-01-12T17:53:54.413+0100 INFO               [main]                         be.pxl.services.service.PostService - Added comment to post: Post(id=3, title=null, content=null, author=null, authorEmail=null, postDate=null, status=null, reviews=[], comments=[1])
2025-01-12T17:54:07.031+0100 INFO               [main]                         be.pxl.services.controller.PostTests - Starting PostTests using Java 21.0.2 with PID 19756 (started by 12202385 in C:\Users\12202385\Documents\3AONc\Fullstack_JAVA\PE\project-MaartenClaesPXL\backend-java\SpringCloudPXL\post-service)
2025-01-12T17:54:07.031+0100 DEBUG              [main]                         be.pxl.services.controller.PostTests - Running with Spring Boot v3.3.4, Spring v6.1.13
2025-01-12T17:54:07.032+0100 INFO               [main]                         be.pxl.services.controller.PostTests - No active profile set, falling back to 1 default profile: "default"
2025-01-12T17:54:10.559+0100 INFO               [main]                         be.pxl.services.controller.PostTests - Started PostTests in 4.654 seconds (process running for 50.413)
2025-01-12T17:54:10.684+0100 INFO               [main]                         be.pxl.services.api.controller.PostController - GET post: 1
2025-01-12T17:54:10.858+0100 INFO               [main]                         be.pxl.services.api.controller.PostController - Gebruiker - get all posts
2025-01-12T17:54:10.930+0100 INFO               [main]                         be.pxl.services.api.controller.PostController - PUT publish post: 4
2025-01-12T17:54:10.948+0100 INFO               [main]                         be.pxl.services.service.PostService - Published post: Post(id=4, title=test, content=null, author=null, authorEmail=null, postDate=Sun Jan 12 17:54:10 CET 2025, status=PUBLISHED, reviews=[], comments=[])
2025-01-12T17:54:10.975+0100 INFO               [main]                         be.pxl.services.api.controller.PostController - GET post: 999
2025-01-12T17:54:10.983+0100 ERROR              [main]                         be.pxl.services.service.PostService - getPostById - post not found
2025-01-12T17:54:11.053+0100 INFO               [main]                         be.pxl.services.api.controller.PostController - PUT post: CreatePostRequest(title=updated, content=null, author=null, authorEmail=null, isConcept=false)
2025-01-12T17:54:11.069+0100 INFO               [main]                         be.pxl.services.service.PostService - Updating unreviewed post
2025-01-12T17:54:11.082+0100 INFO               [main]                         be.pxl.services.service.PostService - Updated post: Post(id=5, title=updated, content=null, author=null, authorEmail=null, postDate=Sun Jan 12 17:54:11 CET 2025, status=UNREVIEWED, reviews=[], comments=[])
2025-01-12T17:54:11.142+0100 INFO               [main]                         be.pxl.services.api.controller.PostController - POST post request: CreatePostRequest(title=Test Post, content=null, author=student, authorEmail=12202385@student.pxl.com, isConcept=false)
2025-01-12T17:54:11.142+0100 INFO               [main]                         be.pxl.services.service.PostService - Adding unreviewed post
2025-01-12T17:54:11.153+0100 INFO               [main]                         be.pxl.services.service.PostService - Added post: Post(id=6, title=Test Post, content=null, author=student, authorEmail=12202385@student.pxl.com, postDate=Sun Jan 12 17:54:11 CET 2025, status=UNREVIEWED, reviews=null, comments=null)
2025-01-12T17:54:11.193+0100 INFO               [main]                         be.pxl.services.api.controller.PostController - PUT post: CreatePostRequest(title=updated, content=null, author=null, authorEmail=null, isConcept=false)
2025-01-12T17:54:11.199+0100 ERROR              [main]                         be.pxl.services.service.PostService - updatePost - post not found
2025-01-12T17:54:11.212+0100 INFO               [main]                         be.pxl.services.api.controller.PostController - POST post request: CreatePostRequest(title=Test Post, content=null, author=student, authorEmail=12202385@student.pxl.com, isConcept=true)
2025-01-12T17:54:11.212+0100 INFO               [main]                         be.pxl.services.service.PostService - Adding concept post
2025-01-12T17:54:11.219+0100 INFO               [main]                         be.pxl.services.service.PostService - Added post: Post(id=7, title=Test Post, content=null, author=student, authorEmail=12202385@student.pxl.com, postDate=Sun Jan 12 17:54:11 CET 2025, status=CONCEPT, reviews=null, comments=null)
2025-01-12T17:54:11.271+0100 INFO               [main]                         be.pxl.services.api.controller.PostController - PUT post: CreatePostRequest(title=updated, content=null, author=null, authorEmail=null, isConcept=true)
2025-01-12T17:54:11.278+0100 INFO               [main]                         be.pxl.services.service.PostService - Updating concept post
2025-01-12T17:54:11.287+0100 INFO               [main]                         be.pxl.services.service.PostService - Updated post: Post(id=8, title=updated, content=null, author=null, authorEmail=null, postDate=Sun Jan 12 17:54:11 CET 2025, status=CONCEPT, reviews=[], comments=[])
2025-01-12T17:54:11.340+0100 INFO               [main]                         be.pxl.services.api.controller.PostController - Redacteur - get all posts
