2025-01-11T16:30:21.753+0100 INFO               [main]                         be.pxl.services.CommentTests  - Starting CommentTests using Java 21.0.2 with PID 22396 (started by 12202385 in C:\Users\12202385\Documents\3AONc\Fullstack_JAVA\PE\project-MaartenClaesPXL\backend-java\SpringCloudPXL\comment-service)
2025-01-11T16:30:21.755+0100 DEBUG              [main]                         be.pxl.services.CommentTests  - Running with Spring Boot v3.3.4, Spring v6.1.13
2025-01-11T16:30:21.755+0100 INFO               [main]                         be.pxl.services.CommentTests  - No active profile set, falling back to 1 default profile: "default"
2025-01-11T16:30:30.164+0100 INFO               [main]                         be.pxl.services.CommentTests  - Started CommentTests in 10.389 seconds (process running for 30.006)
2025-01-11T16:30:30.907+0100 INFO               [main]                         be.pxl.services.api.controller.CommentController - POST comment: CreateCommentRequest(text=test text, commenter=test)
2025-01-11T16:30:30.907+0100 INFO               [main]                         be.pxl.services.service.CommentService - addComment
2025-01-11T16:34:07.321+0100 INFO               [main]                         be.pxl.services.CommentTests  - Starting CommentTests using Java 21.0.2 with PID 34832 (started by 12202385 in C:\Users\12202385\Documents\3AONc\Fullstack_JAVA\PE\project-MaartenClaesPXL\backend-java\SpringCloudPXL\comment-service)
2025-01-11T16:34:07.322+0100 DEBUG              [main]                         be.pxl.services.CommentTests  - Running with Spring Boot v3.3.4, Spring v6.1.13
2025-01-11T16:34:07.322+0100 INFO               [main]                         be.pxl.services.CommentTests  - No active profile set, falling back to 1 default profile: "default"
2025-01-11T16:34:13.759+0100 INFO               [main]                         be.pxl.services.CommentTests  - Started CommentTests in 8.259 seconds (process running for 22.765)
2025-01-11T16:34:14.265+0100 INFO               [main]                         be.pxl.services.api.controller.CommentController - POST comment: CreateCommentRequest(text=test text, commenter=commenter)
2025-01-11T16:34:14.265+0100 INFO               [main]                         be.pxl.services.service.CommentService - addComment
2025-01-11T16:47:49.206+0100 INFO               [main]                         be.pxl.services.CommentTests  - Starting CommentTests using Java 21.0.2 with PID 17508 (started by 12202385 in C:\Users\12202385\Documents\3AONc\Fullstack_JAVA\PE\project-MaartenClaesPXL\backend-java\SpringCloudPXL\comment-service)
2025-01-11T16:47:49.207+0100 DEBUG              [main]                         be.pxl.services.CommentTests  - Running with Spring Boot v3.3.4, Spring v6.1.13
2025-01-11T16:47:49.208+0100 INFO               [main]                         be.pxl.services.CommentTests  - No active profile set, falling back to 1 default profile: "default"
2025-01-11T16:47:55.629+0100 INFO               [main]                         be.pxl.services.CommentTests  - Started CommentTests in 8.173 seconds (process running for 22.336)
2025-01-11T16:47:56.144+0100 INFO               [main]                         be.pxl.services.api.controller.CommentController - POST comment: CreateCommentRequest(text=test text, commenter=commenter)
2025-01-11T16:47:56.144+0100 INFO               [main]                         be.pxl.services.service.CommentService - addComment
2025-01-11T16:50:28.182+0100 INFO               [main]                         be.pxl.services.CommentTests  - Starting CommentTests using Java 21.0.2 with PID 13900 (started by 12202385 in C:\Users\12202385\Documents\3AONc\Fullstack_JAVA\PE\project-MaartenClaesPXL\backend-java\SpringCloudPXL\comment-service)
2025-01-11T16:50:28.184+0100 DEBUG              [main]                         be.pxl.services.CommentTests  - Running with Spring Boot v3.3.4, Spring v6.1.13
2025-01-11T16:50:28.186+0100 INFO               [main]                         be.pxl.services.CommentTests  - No active profile set, falling back to 1 default profile: "default"
2025-01-11T16:50:37.280+0100 INFO               [main]                         be.pxl.services.CommentTests  - Started CommentTests in 11.316 seconds (process running for 25.229)
2025-01-11T16:50:37.924+0100 INFO               [main]                         be.pxl.services.api.controller.CommentController - POST comment: CreateCommentRequest(text=test text, commenter=commenter)
2025-01-11T16:50:37.925+0100 INFO               [main]                         be.pxl.services.service.CommentService - addComment
2025-01-11T16:50:38.058+0100 INFO               [main]                         be.pxl.services.service.CommentService - comment added
2025-01-11T16:50:38.232+0100 INFO               [main]                         be.pxl.services.service.CommentService - comment sent to queue
2025-01-11T16:51:14.095+0100 INFO               [main]                         be.pxl.services.CommentTests  - Starting CommentTests using Java 21.0.2 with PID 2676 (started by 12202385 in C:\Users\12202385\Documents\3AONc\Fullstack_JAVA\PE\project-MaartenClaesPXL\backend-java\SpringCloudPXL\comment-service)
2025-01-11T16:51:14.096+0100 DEBUG              [main]                         be.pxl.services.CommentTests  - Running with Spring Boot v3.3.4, Spring v6.1.13
2025-01-11T16:51:14.097+0100 INFO               [main]                         be.pxl.services.CommentTests  - No active profile set, falling back to 1 default profile: "default"
2025-01-11T16:51:21.461+0100 INFO               [main]                         be.pxl.services.CommentTests  - Started CommentTests in 9.189 seconds (process running for 23.767)
2025-01-11T16:51:21.976+0100 INFO               [main]                         be.pxl.services.api.controller.CommentController - POST comment: CreateCommentRequest(text=test text, commenter=commenter)
2025-01-11T16:51:21.976+0100 INFO               [main]                         be.pxl.services.service.CommentService - addComment
2025-01-11T16:51:22.058+0100 INFO               [main]                         be.pxl.services.service.CommentService - comment added
2025-01-11T16:51:22.147+0100 INFO               [main]                         be.pxl.services.service.CommentService - comment sent to queue
2025-01-11T16:52:47.316+0100 INFO               [main]                         be.pxl.services.CommentTests  - Starting CommentTests using Java 21.0.2 with PID 18984 (started by 12202385 in C:\Users\12202385\Documents\3AONc\Fullstack_JAVA\PE\project-MaartenClaesPXL\backend-java\SpringCloudPXL\comment-service)
2025-01-11T16:52:47.317+0100 DEBUG              [main]                         be.pxl.services.CommentTests  - Running with Spring Boot v3.3.4, Spring v6.1.13
2025-01-11T16:52:47.319+0100 INFO               [main]                         be.pxl.services.CommentTests  - No active profile set, falling back to 1 default profile: "default"
2025-01-11T16:52:56.249+0100 INFO               [main]                         be.pxl.services.CommentTests  - Started CommentTests in 11.392 seconds (process running for 26.419)
2025-01-11T16:52:56.905+0100 INFO               [main]                         be.pxl.services.api.controller.CommentController - POST comment: CreateCommentRequest(text=test text, commenter=commenter)
2025-01-11T16:52:56.906+0100 INFO               [main]                         be.pxl.services.service.CommentService - addComment
2025-01-11T16:52:57.007+0100 INFO               [main]                         be.pxl.services.service.CommentService - comment added
2025-01-11T16:52:57.154+0100 INFO               [main]                         be.pxl.services.service.CommentService - comment sent to queue
2025-01-11T16:54:05.251+0100 INFO               [main]                         be.pxl.services.CommentTests  - Starting CommentTests using Java 21.0.2 with PID 23828 (started by 12202385 in C:\Users\12202385\Documents\3AONc\Fullstack_JAVA\PE\project-MaartenClaesPXL\backend-java\SpringCloudPXL\comment-service)
2025-01-11T16:54:05.253+0100 DEBUG              [main]                         be.pxl.services.CommentTests  - Running with Spring Boot v3.3.4, Spring v6.1.13
2025-01-11T16:54:05.254+0100 INFO               [main]                         be.pxl.services.CommentTests  - No active profile set, falling back to 1 default profile: "default"
2025-01-11T16:54:14.847+0100 INFO               [main]                         be.pxl.services.CommentTests  - Started CommentTests in 12.094 seconds (process running for 28.751)
2025-01-11T16:54:15.451+0100 INFO               [main]                         be.pxl.services.api.controller.CommentController - POST comment: CreateCommentRequest(text=test text, commenter=commenter)
2025-01-11T16:54:15.452+0100 INFO               [main]                         be.pxl.services.service.CommentService - addComment
2025-01-11T16:54:15.553+0100 INFO               [main]                         be.pxl.services.service.CommentService - comment added
2025-01-11T16:54:15.678+0100 INFO               [main]                         be.pxl.services.service.CommentService - comment sent to queue
2025-01-11T17:04:32.882+0100 INFO               [main]                         be.pxl.services.CommentTests  - Starting CommentTests using Java 21.0.2 with PID 37696 (started by 12202385 in C:\Users\12202385\Documents\3AONc\Fullstack_JAVA\PE\project-MaartenClaesPXL\backend-java\SpringCloudPXL\comment-service)
2025-01-11T17:04:32.883+0100 DEBUG              [main]                         be.pxl.services.CommentTests  - Running with Spring Boot v3.3.4, Spring v6.1.13
2025-01-11T17:04:32.883+0100 INFO               [main]                         be.pxl.services.CommentTests  - No active profile set, falling back to 1 default profile: "default"
2025-01-11T17:04:39.352+0100 INFO               [main]                         be.pxl.services.CommentTests  - Started CommentTests in 8.273 seconds (process running for 21.349)
2025-01-11T17:04:39.866+0100 INFO               [main]                         be.pxl.services.api.controller.CommentController - POST comment: CreateCommentRequest(text=test text, commenter=commenter)
2025-01-11T17:04:39.866+0100 INFO               [main]                         be.pxl.services.service.CommentService - addComment
2025-01-11T17:04:39.933+0100 INFO               [main]                         be.pxl.services.service.CommentService - comment added
2025-01-11T17:04:40.019+0100 INFO               [main]                         be.pxl.services.service.CommentService - comment sent to queue
2025-01-11T17:04:40.233+0100 INFO               [main]                         be.pxl.services.api.controller.CommentController - PUT comment: UpdateCommentRequest(text=updated test text)
2025-01-11T17:04:40.249+0100 INFO               [main]                         be.pxl.services.service.CommentService - comment updated
2025-01-11T17:05:15.676+0100 INFO               [main]                         be.pxl.services.CommentTests  - Starting CommentTests using Java 21.0.2 with PID 23540 (started by 12202385 in C:\Users\12202385\Documents\3AONc\Fullstack_JAVA\PE\project-MaartenClaesPXL\backend-java\SpringCloudPXL\comment-service)
2025-01-11T17:05:15.677+0100 DEBUG              [main]                         be.pxl.services.CommentTests  - Running with Spring Boot v3.3.4, Spring v6.1.13
2025-01-11T17:05:15.678+0100 INFO               [main]                         be.pxl.services.CommentTests  - No active profile set, falling back to 1 default profile: "default"
2025-01-11T17:05:22.984+0100 INFO               [main]                         be.pxl.services.CommentTests  - Started CommentTests in 9.086 seconds (process running for 23.329)
2025-01-11T17:05:23.532+0100 INFO               [main]                         be.pxl.services.api.controller.CommentController - POST comment: CreateCommentRequest(text=test text, commenter=commenter)
2025-01-11T17:05:23.532+0100 INFO               [main]                         be.pxl.services.service.CommentService - addComment
2025-01-11T17:05:23.611+0100 INFO               [main]                         be.pxl.services.service.CommentService - comment added
2025-01-11T17:05:23.696+0100 INFO               [main]                         be.pxl.services.service.CommentService - comment sent to queue
2025-01-11T17:05:23.915+0100 INFO               [main]                         be.pxl.services.api.controller.CommentController - PUT comment: UpdateCommentRequest(text=updated test text)
2025-01-11T17:05:23.941+0100 INFO               [main]                         be.pxl.services.service.CommentService - comment updated
2025-01-11T17:05:56.342+0100 INFO               [main]                         be.pxl.services.CommentTests  - Starting CommentTests using Java 21.0.2 with PID 30144 (started by 12202385 in C:\Users\12202385\Documents\3AONc\Fullstack_JAVA\PE\project-MaartenClaesPXL\backend-java\SpringCloudPXL\comment-service)
2025-01-11T17:05:56.343+0100 DEBUG              [main]                         be.pxl.services.CommentTests  - Running with Spring Boot v3.3.4, Spring v6.1.13
2025-01-11T17:05:56.343+0100 INFO               [main]                         be.pxl.services.CommentTests  - No active profile set, falling back to 1 default profile: "default"
2025-01-11T17:06:03.727+0100 INFO               [main]                         be.pxl.services.CommentTests  - Started CommentTests in 9.178 seconds (process running for 25.183)
2025-01-11T17:06:04.283+0100 INFO               [main]                         be.pxl.services.api.controller.CommentController - POST comment: CreateCommentRequest(text=test text, commenter=commenter)
2025-01-11T17:06:04.283+0100 INFO               [main]                         be.pxl.services.service.CommentService - addComment
2025-01-11T17:06:04.372+0100 INFO               [main]                         be.pxl.services.service.CommentService - comment added
2025-01-11T17:06:04.527+0100 INFO               [main]                         be.pxl.services.service.CommentService - comment sent to queue
2025-01-11T17:06:04.820+0100 INFO               [main]                         be.pxl.services.api.controller.CommentController - PUT comment: UpdateCommentRequest(text=updated test text)
2025-01-11T17:06:04.850+0100 INFO               [main]                         be.pxl.services.service.CommentService - comment updated
2025-01-11T17:07:27.343+0100 INFO               [main]                         be.pxl.services.CommentTests  - Starting CommentTests using Java 21.0.2 with PID 32388 (started by 12202385 in C:\Users\12202385\Documents\3AONc\Fullstack_JAVA\PE\project-MaartenClaesPXL\backend-java\SpringCloudPXL\comment-service)
2025-01-11T17:07:27.344+0100 DEBUG              [main]                         be.pxl.services.CommentTests  - Running with Spring Boot v3.3.4, Spring v6.1.13
2025-01-11T17:07:27.345+0100 INFO               [main]                         be.pxl.services.CommentTests  - No active profile set, falling back to 1 default profile: "default"
2025-01-11T17:07:34.074+0100 INFO               [main]                         be.pxl.services.CommentTests  - Started CommentTests in 8.555 seconds (process running for 22.32)
2025-01-11T17:07:34.790+0100 INFO               [main]                         be.pxl.services.api.controller.CommentController - POST comment: CreateCommentRequest(text=test text, commenter=commenter)
2025-01-11T17:07:34.790+0100 INFO               [main]                         be.pxl.services.service.CommentService - addComment
2025-01-11T17:07:34.841+0100 INFO               [main]                         be.pxl.services.service.CommentService - comment added
2025-01-11T17:07:34.923+0100 INFO               [main]                         be.pxl.services.service.CommentService - comment sent to queue
2025-01-11T17:07:35.035+0100 INFO               [main]                         be.pxl.services.api.controller.CommentController - PUT comment: UpdateCommentRequest(text=updated test text)
2025-01-11T17:07:35.060+0100 INFO               [main]                         be.pxl.services.service.CommentService - comment updated
2025-01-11T17:10:48.754+0100 INFO               [main]                         be.pxl.services.CommentTests  - Starting CommentTests using Java 21.0.2 with PID 29604 (started by 12202385 in C:\Users\12202385\Documents\3AONc\Fullstack_JAVA\PE\project-MaartenClaesPXL\backend-java\SpringCloudPXL\comment-service)
2025-01-11T17:10:48.755+0100 DEBUG              [main]                         be.pxl.services.CommentTests  - Running with Spring Boot v3.3.4, Spring v6.1.13
2025-01-11T17:10:48.756+0100 INFO               [main]                         be.pxl.services.CommentTests  - No active profile set, falling back to 1 default profile: "default"
2025-01-11T17:10:55.285+0100 INFO               [main]                         be.pxl.services.CommentTests  - Started CommentTests in 8.303 seconds (process running for 22.803)
2025-01-11T17:10:55.942+0100 INFO               [main]                         be.pxl.services.api.controller.CommentController - DELETE comment: 2
2025-01-11T17:10:55.956+0100 INFO               [main]                         be.pxl.services.service.CommentService - comment not found
2025-01-11T17:10:56.020+0100 INFO               [main]                         be.pxl.services.api.controller.CommentController - POST comment: CreateCommentRequest(text=test text, commenter=commenter)
2025-01-11T17:10:56.021+0100 INFO               [main]                         be.pxl.services.service.CommentService - addComment
2025-01-11T17:10:56.041+0100 INFO               [main]                         be.pxl.services.service.CommentService - comment added
2025-01-11T17:10:56.127+0100 INFO               [main]                         be.pxl.services.service.CommentService - comment sent to queue
2025-01-11T17:10:56.204+0100 INFO               [main]                         be.pxl.services.api.controller.CommentController - PUT comment: UpdateCommentRequest(text=updated test text)
2025-01-11T17:10:56.212+0100 INFO               [main]                         be.pxl.services.service.CommentService - comment not found
2025-01-11T17:12:19.769+0100 INFO               [main]                         be.pxl.services.CommentTests  - Starting CommentTests using Java 21.0.2 with PID 10288 (started by 12202385 in C:\Users\12202385\Documents\3AONc\Fullstack_JAVA\PE\project-MaartenClaesPXL\backend-java\SpringCloudPXL\comment-service)
2025-01-11T17:12:19.770+0100 DEBUG              [main]                         be.pxl.services.CommentTests  - Running with Spring Boot v3.3.4, Spring v6.1.13
2025-01-11T17:12:19.771+0100 INFO               [main]                         be.pxl.services.CommentTests  - No active profile set, falling back to 1 default profile: "default"
2025-01-11T17:12:26.587+0100 INFO               [main]                         be.pxl.services.CommentTests  - Started CommentTests in 8.632 seconds (process running for 22.508)
2025-01-11T17:12:27.334+0100 INFO               [main]                         be.pxl.services.api.controller.CommentController - DELETE comment: 1
2025-01-11T17:12:27.362+0100 INFO               [main]                         be.pxl.services.service.CommentService - comment deleted
2025-01-11T17:12:27.445+0100 INFO               [main]                         be.pxl.services.service.CommentService - delete comment sent to queue
2025-01-11T17:12:27.520+0100 INFO               [main]                         be.pxl.services.api.controller.CommentController - POST comment: CreateCommentRequest(text=test text, commenter=commenter)
2025-01-11T17:12:27.520+0100 INFO               [main]                         be.pxl.services.service.CommentService - addComment
2025-01-11T17:12:27.545+0100 INFO               [main]                         be.pxl.services.service.CommentService - comment added
2025-01-11T17:12:27.546+0100 INFO               [main]                         be.pxl.services.service.CommentService - comment sent to queue
2025-01-11T17:12:27.633+0100 INFO               [main]                         be.pxl.services.api.controller.CommentController - PUT comment: UpdateCommentRequest(text=updated test text)
2025-01-11T17:12:27.646+0100 INFO               [main]                         be.pxl.services.service.CommentService - comment not found
2025-01-11T17:13:28.873+0100 INFO               [main]                         be.pxl.services.CommentTests  - Starting CommentTests using Java 21.0.2 with PID 36288 (started by 12202385 in C:\Users\12202385\Documents\3AONc\Fullstack_JAVA\PE\project-MaartenClaesPXL\backend-java\SpringCloudPXL\comment-service)
2025-01-11T17:13:28.874+0100 DEBUG              [main]                         be.pxl.services.CommentTests  - Running with Spring Boot v3.3.4, Spring v6.1.13
2025-01-11T17:13:28.875+0100 INFO               [main]                         be.pxl.services.CommentTests  - No active profile set, falling back to 1 default profile: "default"
2025-01-11T17:13:35.466+0100 INFO               [main]                         be.pxl.services.CommentTests  - Started CommentTests in 8.359 seconds (process running for 22.757)
2025-01-11T17:13:36.162+0100 INFO               [main]                         be.pxl.services.api.controller.CommentController - PUT comment: UpdateCommentRequest(text=updated test text)
2025-01-11T17:13:36.202+0100 INFO               [main]                         be.pxl.services.service.CommentService - comment updated
2025-01-11T17:14:01.562+0100 INFO               [main]                         be.pxl.services.CommentTests  - Starting CommentTests using Java 21.0.2 with PID 1188 (started by 12202385 in C:\Users\12202385\Documents\3AONc\Fullstack_JAVA\PE\project-MaartenClaesPXL\backend-java\SpringCloudPXL\comment-service)
2025-01-11T17:14:01.563+0100 DEBUG              [main]                         be.pxl.services.CommentTests  - Running with Spring Boot v3.3.4, Spring v6.1.13
2025-01-11T17:14:01.564+0100 INFO               [main]                         be.pxl.services.CommentTests  - No active profile set, falling back to 1 default profile: "default"
2025-01-11T17:14:09.739+0100 INFO               [main]                         be.pxl.services.CommentTests  - Started CommentTests in 10.174 seconds (process running for 25.837)
2025-01-11T17:14:10.432+0100 INFO               [main]                         be.pxl.services.api.controller.CommentController - DELETE comment: 1
2025-01-11T17:14:10.461+0100 INFO               [main]                         be.pxl.services.service.CommentService - comment deleted
2025-01-11T17:14:10.547+0100 INFO               [main]                         be.pxl.services.service.CommentService - delete comment sent to queue
2025-01-11T17:14:10.619+0100 INFO               [main]                         be.pxl.services.api.controller.CommentController - POST comment: CreateCommentRequest(text=test text, commenter=commenter)
2025-01-11T17:14:10.619+0100 INFO               [main]                         be.pxl.services.service.CommentService - addComment
2025-01-11T17:14:10.644+0100 INFO               [main]                         be.pxl.services.service.CommentService - comment added
2025-01-11T17:14:10.646+0100 INFO               [main]                         be.pxl.services.service.CommentService - comment sent to queue
2025-01-11T17:14:10.716+0100 INFO               [main]                         be.pxl.services.api.controller.CommentController - PUT comment: UpdateCommentRequest(text=updated test text)
2025-01-11T17:14:10.728+0100 INFO               [main]                         be.pxl.services.service.CommentService - comment not found
2025-01-11T17:17:34.779+0100 INFO               [main]                         be.pxl.services.CommentTests  - Starting CommentTests using Java 21.0.2 with PID 35532 (started by 12202385 in C:\Users\12202385\Documents\3AONc\Fullstack_JAVA\PE\project-MaartenClaesPXL\backend-java\SpringCloudPXL\comment-service)
2025-01-11T17:17:34.780+0100 DEBUG              [main]                         be.pxl.services.CommentTests  - Running with Spring Boot v3.3.4, Spring v6.1.13
2025-01-11T17:17:34.781+0100 INFO               [main]                         be.pxl.services.CommentTests  - No active profile set, falling back to 1 default profile: "default"
2025-01-11T17:17:41.500+0100 INFO               [main]                         be.pxl.services.CommentTests  - Started CommentTests in 8.5 seconds (process running for 22.284)
2025-01-11T17:17:42.191+0100 INFO               [main]                         be.pxl.services.api.controller.CommentController - DELETE comment: 1
2025-01-11T17:17:42.218+0100 INFO               [main]                         be.pxl.services.service.CommentService - comment deleted
2025-01-11T17:17:42.303+0100 INFO               [main]                         be.pxl.services.service.CommentService - delete comment sent to queue
2025-01-11T17:17:42.370+0100 INFO               [main]                         be.pxl.services.api.controller.CommentController - POST comment: CreateCommentRequest(text=test text, commenter=commenter)
2025-01-11T17:17:42.370+0100 INFO               [main]                         be.pxl.services.service.CommentService - addComment
2025-01-11T17:17:42.390+0100 INFO               [main]                         be.pxl.services.service.CommentService - comment added
2025-01-11T17:17:42.391+0100 INFO               [main]                         be.pxl.services.service.CommentService - comment sent to queue
2025-01-11T17:17:42.453+0100 INFO               [main]                         be.pxl.services.api.controller.CommentController - PUT comment: UpdateCommentRequest(text=updated test text)
2025-01-11T17:17:42.460+0100 INFO               [main]                         be.pxl.services.service.CommentService - comment not found
2025-01-11T17:19:57.076+0100 INFO               [main]                         be.pxl.services.CommentTests  - Starting CommentTests using Java 21.0.2 with PID 20672 (started by 12202385 in C:\Users\12202385\Documents\3AONc\Fullstack_JAVA\PE\project-MaartenClaesPXL\backend-java\SpringCloudPXL\comment-service)
2025-01-11T17:19:57.078+0100 DEBUG              [main]                         be.pxl.services.CommentTests  - Running with Spring Boot v3.3.4, Spring v6.1.13
2025-01-11T17:19:57.079+0100 INFO               [main]                         be.pxl.services.CommentTests  - No active profile set, falling back to 1 default profile: "default"
2025-01-11T17:20:04.001+0100 INFO               [main]                         be.pxl.services.CommentTests  - Started CommentTests in 8.854 seconds (process running for 22.336)
2025-01-11T17:20:04.639+0100 INFO               [main]                         be.pxl.services.api.controller.CommentController - DELETE comment: 1
2025-01-11T17:20:04.646+0100 INFO               [main]                         be.pxl.services.service.CommentService - comment deleted
2025-01-11T17:20:04.745+0100 INFO               [main]                         be.pxl.services.service.CommentService - delete comment sent to queue
2025-01-11T17:20:04.863+0100 INFO               [main]                         be.pxl.services.api.controller.CommentController - POST comment: CreateCommentRequest(text=test text, commenter=commenter)
2025-01-11T17:20:04.863+0100 INFO               [main]                         be.pxl.services.service.CommentService - addComment
2025-01-11T17:20:04.881+0100 INFO               [main]                         be.pxl.services.service.CommentService - comment added
2025-01-11T17:20:04.881+0100 INFO               [main]                         be.pxl.services.service.CommentService - comment sent to queue
2025-01-11T17:20:04.940+0100 INFO               [main]                         be.pxl.services.api.controller.CommentController - PUT comment: UpdateCommentRequest(text=updated test text)
2025-01-11T17:20:04.944+0100 INFO               [main]                         be.pxl.services.service.CommentService - comment not found
2025-01-11T17:20:54.705+0100 INFO               [main]                         be.pxl.services.CommentTests  - Starting CommentTests using Java 21.0.2 with PID 13260 (started by 12202385 in C:\Users\12202385\Documents\3AONc\Fullstack_JAVA\PE\project-MaartenClaesPXL\backend-java\SpringCloudPXL\comment-service)
2025-01-11T17:20:54.706+0100 DEBUG              [main]                         be.pxl.services.CommentTests  - Running with Spring Boot v3.3.4, Spring v6.1.13
2025-01-11T17:20:54.707+0100 INFO               [main]                         be.pxl.services.CommentTests  - No active profile set, falling back to 1 default profile: "default"
2025-01-11T17:21:02.160+0100 INFO               [main]                         be.pxl.services.CommentTests  - Started CommentTests in 9.23 seconds (process running for 23.365)
2025-01-11T17:21:02.950+0100 INFO               [main]                         be.pxl.services.api.controller.CommentController - DELETE comment: 1
2025-01-11T17:21:02.958+0100 INFO               [main]                         be.pxl.services.service.CommentService - comment deleted
2025-01-11T17:21:03.072+0100 INFO               [main]                         be.pxl.services.service.CommentService - delete comment sent to queue
2025-01-11T17:21:03.192+0100 INFO               [main]                         be.pxl.services.api.controller.CommentController - POST comment: CreateCommentRequest(text=test text, commenter=commenter)
2025-01-11T17:21:03.192+0100 INFO               [main]                         be.pxl.services.service.CommentService - addComment
2025-01-11T17:21:03.212+0100 INFO               [main]                         be.pxl.services.service.CommentService - comment added
2025-01-11T17:21:03.213+0100 INFO               [main]                         be.pxl.services.service.CommentService - comment sent to queue
2025-01-11T17:21:03.268+0100 INFO               [main]                         be.pxl.services.api.controller.CommentController - PUT comment: UpdateCommentRequest(text=updated test text)
2025-01-11T17:21:03.272+0100 INFO               [main]                         be.pxl.services.service.CommentService - comment not found
2025-01-11T17:22:09.497+0100 INFO               [main]                         be.pxl.services.CommentTests  - Starting CommentTests using Java 21.0.2 with PID 33256 (started by 12202385 in C:\Users\12202385\Documents\3AONc\Fullstack_JAVA\PE\project-MaartenClaesPXL\backend-java\SpringCloudPXL\comment-service)
2025-01-11T17:22:09.498+0100 DEBUG              [main]                         be.pxl.services.CommentTests  - Running with Spring Boot v3.3.4, Spring v6.1.13
2025-01-11T17:22:09.499+0100 INFO               [main]                         be.pxl.services.CommentTests  - No active profile set, falling back to 1 default profile: "default"
2025-01-11T17:22:16.628+0100 INFO               [main]                         be.pxl.services.CommentTests  - Started CommentTests in 9.035 seconds (process running for 23.021)
2025-01-11T17:22:17.323+0100 INFO               [main]                         be.pxl.services.api.controller.CommentController - DELETE comment: 2
2025-01-11T17:22:17.327+0100 INFO               [main]                         be.pxl.services.service.CommentService - comment not found
2025-01-11T17:22:17.377+0100 INFO               [main]                         be.pxl.services.api.controller.CommentController - POST comment: CreateCommentRequest(text=test text, commenter=commenter)
2025-01-11T17:22:17.378+0100 INFO               [main]                         be.pxl.services.service.CommentService - addComment
2025-01-11T17:22:17.390+0100 INFO               [main]                         be.pxl.services.service.CommentService - comment added
2025-01-11T17:22:17.477+0100 INFO               [main]                         be.pxl.services.service.CommentService - comment sent to queue
2025-01-11T17:22:17.535+0100 INFO               [main]                         be.pxl.services.api.controller.CommentController - PUT comment: UpdateCommentRequest(text=updated test text)
2025-01-11T17:22:17.536+0100 INFO               [main]                         be.pxl.services.service.CommentService - comment updated
2025-01-11T17:24:36.720+0100 INFO               [main]                         be.pxl.services.CommentTests  - Starting CommentTests using Java 21.0.2 with PID 2652 (started by 12202385 in C:\Users\12202385\Documents\3AONc\Fullstack_JAVA\PE\project-MaartenClaesPXL\backend-java\SpringCloudPXL\comment-service)
2025-01-11T17:24:36.721+0100 DEBUG              [main]                         be.pxl.services.CommentTests  - Running with Spring Boot v3.3.4, Spring v6.1.13
2025-01-11T17:24:36.722+0100 INFO               [main]                         be.pxl.services.CommentTests  - No active profile set, falling back to 1 default profile: "default"
2025-01-11T17:24:43.440+0100 INFO               [main]                         be.pxl.services.CommentTests  - Started CommentTests in 8.498 seconds (process running for 22.17)
2025-01-11T17:24:44.273+0100 INFO               [main]                         be.pxl.services.api.controller.CommentController - DELETE comment: 1
2025-01-11T17:24:44.280+0100 INFO               [main]                         be.pxl.services.service.CommentService - comment deleted
2025-01-11T17:24:44.375+0100 INFO               [main]                         be.pxl.services.service.CommentService - delete comment sent to queue
2025-01-11T17:24:44.503+0100 INFO               [main]                         be.pxl.services.api.controller.CommentController - POST comment: CreateCommentRequest(text=test text, commenter=commenter)
2025-01-11T17:24:44.503+0100 INFO               [main]                         be.pxl.services.service.CommentService - addComment
2025-01-11T17:24:44.528+0100 INFO               [main]                         be.pxl.services.service.CommentService - comment added
2025-01-11T17:24:44.529+0100 INFO               [main]                         be.pxl.services.service.CommentService - comment sent to queue
2025-01-11T17:24:44.617+0100 INFO               [main]                         be.pxl.services.api.controller.CommentController - PUT comment: UpdateCommentRequest(text=updated test text)
2025-01-11T17:24:44.621+0100 INFO               [main]                         be.pxl.services.service.CommentService - comment not found
2025-01-11T17:25:28.237+0100 INFO               [main]                         be.pxl.services.CommentTests  - Starting CommentTests using Java 21.0.2 with PID 17536 (started by 12202385 in C:\Users\12202385\Documents\3AONc\Fullstack_JAVA\PE\project-MaartenClaesPXL\backend-java\SpringCloudPXL\comment-service)
2025-01-11T17:25:28.238+0100 DEBUG              [main]                         be.pxl.services.CommentTests  - Running with Spring Boot v3.3.4, Spring v6.1.13
2025-01-11T17:25:28.238+0100 INFO               [main]                         be.pxl.services.CommentTests  - No active profile set, falling back to 1 default profile: "default"
2025-01-11T17:25:35.498+0100 INFO               [main]                         be.pxl.services.CommentTests  - Started CommentTests in 9.031 seconds (process running for 23.369)
2025-01-11T17:25:36.335+0100 INFO               [main]                         be.pxl.services.api.controller.CommentController - POST comment: CreateCommentRequest(text=test text, commenter=commenter)
2025-01-11T17:25:36.335+0100 INFO               [main]                         be.pxl.services.service.CommentService - addComment
2025-01-11T17:25:36.347+0100 INFO               [main]                         be.pxl.services.service.CommentService - comment added
2025-01-11T17:25:36.444+0100 INFO               [main]                         be.pxl.services.service.CommentService - comment sent to queue
2025-01-11T17:25:36.512+0100 INFO               [main]                         be.pxl.services.api.controller.CommentController - PUT comment: UpdateCommentRequest(text=updated test text)
2025-01-11T17:25:36.517+0100 INFO               [main]                         be.pxl.services.service.CommentService - comment not found
2025-01-11T17:26:19.043+0100 INFO               [main]                         be.pxl.services.CommentTests  - Starting CommentTests using Java 21.0.2 with PID 40032 (started by 12202385 in C:\Users\12202385\Documents\3AONc\Fullstack_JAVA\PE\project-MaartenClaesPXL\backend-java\SpringCloudPXL\comment-service)
2025-01-11T17:26:19.044+0100 DEBUG              [main]                         be.pxl.services.CommentTests  - Running with Spring Boot v3.3.4, Spring v6.1.13
2025-01-11T17:26:19.044+0100 INFO               [main]                         be.pxl.services.CommentTests  - No active profile set, falling back to 1 default profile: "default"
2025-01-11T17:26:26.258+0100 INFO               [main]                         be.pxl.services.CommentTests  - Started CommentTests in 8.982 seconds (process running for 26.922)
2025-01-11T17:26:26.965+0100 INFO               [main]                         be.pxl.services.api.controller.CommentController - DELETE comment: 1
2025-01-11T17:26:26.971+0100 INFO               [main]                         be.pxl.services.service.CommentService - comment deleted
2025-01-11T17:26:27.060+0100 INFO               [main]                         be.pxl.services.service.CommentService - delete comment sent to queue
2025-01-11T17:26:27.161+0100 INFO               [main]                         be.pxl.services.api.controller.CommentController - POST comment: CreateCommentRequest(text=test text, commenter=commenter)
2025-01-11T17:26:27.162+0100 INFO               [main]                         be.pxl.services.service.CommentService - addComment
2025-01-11T17:26:27.174+0100 INFO               [main]                         be.pxl.services.service.CommentService - comment added
2025-01-11T17:26:27.175+0100 INFO               [main]                         be.pxl.services.service.CommentService - comment sent to queue
2025-01-11T17:27:29.793+0100 INFO               [main]                         be.pxl.services.CommentTests  - Starting CommentTests using Java 21.0.2 with PID 9452 (started by 12202385 in C:\Users\12202385\Documents\3AONc\Fullstack_JAVA\PE\project-MaartenClaesPXL\backend-java\SpringCloudPXL\comment-service)
2025-01-11T17:27:29.794+0100 DEBUG              [main]                         be.pxl.services.CommentTests  - Running with Spring Boot v3.3.4, Spring v6.1.13
2025-01-11T17:27:29.794+0100 INFO               [main]                         be.pxl.services.CommentTests  - No active profile set, falling back to 1 default profile: "default"
2025-01-11T17:27:36.915+0100 INFO               [main]                         be.pxl.services.CommentTests  - Started CommentTests in 8.907 seconds (process running for 22.85)
2025-01-11T17:27:37.625+0100 INFO               [main]                         be.pxl.services.api.controller.CommentController - DELETE comment: 1
2025-01-11T17:27:37.635+0100 INFO               [main]                         be.pxl.services.service.CommentService - comment deleted
2025-01-11T17:27:37.729+0100 INFO               [main]                         be.pxl.services.service.CommentService - delete comment sent to queue
2025-01-11T17:27:37.919+0100 INFO               [main]                         be.pxl.services.api.controller.CommentController - POST comment: CreateCommentRequest(text=test text, commenter=commenter)
2025-01-11T17:27:37.919+0100 INFO               [main]                         be.pxl.services.service.CommentService - addComment
2025-01-11T17:27:37.933+0100 INFO               [main]                         be.pxl.services.service.CommentService - comment added
2025-01-11T17:27:37.934+0100 INFO               [main]                         be.pxl.services.service.CommentService - comment sent to queue
2025-01-11T17:30:33.074+0100 INFO               [main]                         be.pxl.services.CommentTests  - Starting CommentTests using Java 21.0.2 with PID 27032 (started by 12202385 in C:\Users\12202385\Documents\3AONc\Fullstack_JAVA\PE\project-MaartenClaesPXL\backend-java\SpringCloudPXL\comment-service)
2025-01-11T17:30:33.075+0100 DEBUG              [main]                         be.pxl.services.CommentTests  - Running with Spring Boot v3.3.4, Spring v6.1.13
2025-01-11T17:30:33.076+0100 INFO               [main]                         be.pxl.services.CommentTests  - No active profile set, falling back to 1 default profile: "default"
2025-01-11T17:30:39.548+0100 INFO               [main]                         be.pxl.services.CommentTests  - Started CommentTests in 8.262 seconds (process running for 22.126)
2025-01-11T17:30:40.263+0100 INFO               [main]                         be.pxl.services.api.controller.CommentController - DELETE comment: 1
2025-01-11T17:30:40.272+0100 INFO               [main]                         be.pxl.services.service.CommentService - comment deleted
2025-01-11T17:30:40.359+0100 INFO               [main]                         be.pxl.services.service.CommentService - delete comment sent to queue
2025-01-11T17:30:40.431+0100 INFO               [main]                         be.pxl.services.api.controller.CommentController - POST comment: CreateCommentRequest(text=test text, commenter=commenter)
2025-01-11T17:30:40.431+0100 INFO               [main]                         be.pxl.services.service.CommentService - addComment
2025-01-11T17:30:40.441+0100 INFO               [main]                         be.pxl.services.service.CommentService - comment added
2025-01-11T17:30:40.441+0100 INFO               [main]                         be.pxl.services.service.CommentService - comment sent to queue
2025-01-11T17:30:40.498+0100 INFO               [main]                         be.pxl.services.api.controller.CommentController - PUT comment: UpdateCommentRequest(text=updated test text)
2025-01-11T17:30:40.499+0100 INFO               [main]                         be.pxl.services.service.CommentService - comment updated
2025-01-11T17:37:40.133+0100 INFO               [main]                         be.pxl.services.CommentTests  - Starting CommentTests using Java 21.0.2 with PID 34692 (started by 12202385 in C:\Users\12202385\Documents\3AONc\Fullstack_JAVA\PE\project-MaartenClaesPXL\backend-java\SpringCloudPXL\comment-service)
2025-01-11T17:37:40.134+0100 DEBUG              [main]                         be.pxl.services.CommentTests  - Running with Spring Boot v3.3.4, Spring v6.1.13
2025-01-11T17:37:40.135+0100 INFO               [main]                         be.pxl.services.CommentTests  - No active profile set, falling back to 1 default profile: "default"
2025-01-11T17:37:46.970+0100 INFO               [main]                         be.pxl.services.CommentTests  - Started CommentTests in 8.704 seconds (process running for 23.685)
2025-01-11T17:37:47.673+0100 INFO               [main]                         be.pxl.services.api.controller.CommentController - DELETE comment: 1
2025-01-11T17:37:47.684+0100 INFO               [main]                         be.pxl.services.service.CommentService - comment deleted
2025-01-11T17:37:47.764+0100 INFO               [main]                         be.pxl.services.service.CommentService - delete comment sent to queue
2025-01-11T17:37:47.832+0100 INFO               [main]                         be.pxl.services.api.controller.CommentController - POST comment: CreateCommentRequest(text=test text, commenter=commenter)
2025-01-11T17:37:47.833+0100 INFO               [main]                         be.pxl.services.service.CommentService - addComment
2025-01-11T17:37:47.844+0100 INFO               [main]                         be.pxl.services.service.CommentService - comment added
2025-01-11T17:37:47.845+0100 INFO               [main]                         be.pxl.services.service.CommentService - comment sent to queue
2025-01-11T17:37:47.911+0100 INFO               [main]                         be.pxl.services.api.controller.CommentController - GET comment: 3
2025-01-11T17:37:47.993+0100 INFO               [main]                         be.pxl.services.api.controller.CommentController - PUT comment: UpdateCommentRequest(text=updated test text)
2025-01-11T17:37:47.995+0100 INFO               [main]                         be.pxl.services.service.CommentService - comment updated
2025-01-11T17:39:13.475+0100 INFO               [main]                         be.pxl.services.CommentTests  - Starting CommentTests using Java 21.0.2 with PID 1992 (started by 12202385 in C:\Users\12202385\Documents\3AONc\Fullstack_JAVA\PE\project-MaartenClaesPXL\backend-java\SpringCloudPXL\comment-service)
2025-01-11T17:39:13.476+0100 DEBUG              [main]                         be.pxl.services.CommentTests  - Running with Spring Boot v3.3.4, Spring v6.1.13
2025-01-11T17:39:13.477+0100 INFO               [main]                         be.pxl.services.CommentTests  - No active profile set, falling back to 1 default profile: "default"
2025-01-11T17:39:19.963+0100 INFO               [main]                         be.pxl.services.CommentTests  - Started CommentTests in 8.256 seconds (process running for 22.435)
2025-01-11T17:39:20.655+0100 INFO               [main]                         be.pxl.services.api.controller.CommentController - DELETE comment: 1
2025-01-11T17:39:20.664+0100 INFO               [main]                         be.pxl.services.service.CommentService - comment deleted
2025-01-11T17:39:20.744+0100 INFO               [main]                         be.pxl.services.service.CommentService - delete comment sent to queue
2025-01-11T17:39:20.807+0100 INFO               [main]                         be.pxl.services.api.controller.CommentController - POST comment: CreateCommentRequest(text=test text, commenter=commenter)
2025-01-11T17:39:20.808+0100 INFO               [main]                         be.pxl.services.service.CommentService - addComment
2025-01-11T17:39:20.819+0100 INFO               [main]                         be.pxl.services.service.CommentService - comment added
2025-01-11T17:39:20.820+0100 INFO               [main]                         be.pxl.services.service.CommentService - comment sent to queue
2025-01-11T17:39:20.856+0100 INFO               [main]                         be.pxl.services.api.controller.CommentController - GET comment: 3
2025-01-11T17:39:20.936+0100 INFO               [main]                         be.pxl.services.api.controller.CommentController - PUT comment: UpdateCommentRequest(text=updated test text)
2025-01-11T17:39:20.938+0100 INFO               [main]                         be.pxl.services.service.CommentService - comment updated
2025-01-11T17:40:08.555+0100 INFO               [main]                         be.pxl.services.CommentTests  - Starting CommentTests using Java 21.0.2 with PID 40068 (started by 12202385 in C:\Users\12202385\Documents\3AONc\Fullstack_JAVA\PE\project-MaartenClaesPXL\backend-java\SpringCloudPXL\comment-service)
2025-01-11T17:40:08.556+0100 DEBUG              [main]                         be.pxl.services.CommentTests  - Running with Spring Boot v3.3.4, Spring v6.1.13
2025-01-11T17:40:08.557+0100 INFO               [main]                         be.pxl.services.CommentTests  - No active profile set, falling back to 1 default profile: "default"
2025-01-11T17:40:15.172+0100 INFO               [main]                         be.pxl.services.CommentTests  - Started CommentTests in 8.466 seconds (process running for 23.63)
2025-01-11T17:40:15.837+0100 INFO               [main]                         be.pxl.services.api.controller.CommentController - DELETE comment: 1
2025-01-11T17:40:15.849+0100 INFO               [main]                         be.pxl.services.service.CommentService - comment deleted
2025-01-11T17:40:15.929+0100 INFO               [main]                         be.pxl.services.service.CommentService - delete comment sent to queue
2025-01-11T17:40:15.995+0100 INFO               [main]                         be.pxl.services.api.controller.CommentController - POST comment: CreateCommentRequest(text=test text, commenter=commenter)
2025-01-11T17:40:15.996+0100 INFO               [main]                         be.pxl.services.service.CommentService - addComment
2025-01-11T17:40:16.006+0100 INFO               [main]                         be.pxl.services.service.CommentService - comment added
2025-01-11T17:40:16.006+0100 INFO               [main]                         be.pxl.services.service.CommentService - comment sent to queue
2025-01-11T17:40:16.045+0100 INFO               [main]                         be.pxl.services.api.controller.CommentController - GET comment: 3
2025-01-11T17:40:16.129+0100 INFO               [main]                         be.pxl.services.api.controller.CommentController - PUT comment: UpdateCommentRequest(text=updated test text)
2025-01-11T17:40:16.131+0100 INFO               [main]                         be.pxl.services.service.CommentService - comment updated
2025-01-11T17:44:49.648+0100 INFO               [main]                         be.pxl.services.CommentTests  - Starting CommentTests using Java 21.0.2 with PID 7128 (started by 12202385 in C:\Users\12202385\Documents\3AONc\Fullstack_JAVA\PE\project-MaartenClaesPXL\backend-java\SpringCloudPXL\comment-service)
2025-01-11T17:44:49.649+0100 DEBUG              [main]                         be.pxl.services.CommentTests  - Running with Spring Boot v3.3.4, Spring v6.1.13
2025-01-11T17:44:49.649+0100 INFO               [main]                         be.pxl.services.CommentTests  - No active profile set, falling back to 1 default profile: "default"
2025-01-11T17:44:56.108+0100 INFO               [main]                         be.pxl.services.CommentTests  - Started CommentTests in 8.263 seconds (process running for 22.729)
2025-01-11T17:44:56.828+0100 INFO               [main]                         be.pxl.services.api.controller.CommentController - DELETE comment: 2
2025-01-11T17:44:56.839+0100 INFO               [main]                         be.pxl.services.service.CommentService - comment not found
2025-01-11T17:44:56.941+0100 INFO               [main]                         be.pxl.services.api.controller.CommentController - DELETE comment: 1
2025-01-11T17:44:56.947+0100 INFO               [main]                         be.pxl.services.service.CommentService - comment deleted
2025-01-11T17:44:57.044+0100 INFO               [main]                         be.pxl.services.service.CommentService - delete comment sent to queue
2025-01-11T17:44:57.099+0100 INFO               [main]                         be.pxl.services.api.controller.CommentController - POST comment: CreateCommentRequest(text=test text, commenter=commenter)
2025-01-11T17:44:57.099+0100 INFO               [main]                         be.pxl.services.service.CommentService - addComment
2025-01-11T17:44:57.112+0100 INFO               [main]                         be.pxl.services.service.CommentService - comment added
2025-01-11T17:44:57.112+0100 INFO               [main]                         be.pxl.services.service.CommentService - comment sent to queue
2025-01-11T17:44:57.153+0100 INFO               [main]                         be.pxl.services.api.controller.CommentController - GET comment: 3
2025-01-11T17:44:57.214+0100 INFO               [main]                         be.pxl.services.api.controller.CommentController - PUT comment: UpdateCommentRequest(text=updated test text)
2025-01-11T17:44:57.217+0100 INFO               [main]                         be.pxl.services.service.CommentService - comment updated
2025-01-11T17:48:12.674+0100 INFO               [main]                         be.pxl.services.CommentTests  - Starting CommentTests using Java 21.0.2 with PID 39172 (started by 12202385 in C:\Users\12202385\Documents\3AONc\Fullstack_JAVA\PE\project-MaartenClaesPXL\backend-java\SpringCloudPXL\comment-service)
2025-01-11T17:48:12.676+0100 DEBUG              [main]                         be.pxl.services.CommentTests  - Running with Spring Boot v3.3.4, Spring v6.1.13
2025-01-11T17:48:12.677+0100 INFO               [main]                         be.pxl.services.CommentTests  - No active profile set, falling back to 1 default profile: "default"
2025-01-11T17:48:21.338+0100 INFO               [main]                         be.pxl.services.CommentTests  - Started CommentTests in 11.191 seconds (process running for 27.166)
2025-01-11T17:48:22.124+0100 INFO               [main]                         be.pxl.services.api.controller.CommentController - DELETE comment: 2
2025-01-11T17:48:22.137+0100 INFO               [main]                         be.pxl.services.service.CommentService - comment not found
2025-01-11T17:48:22.243+0100 INFO               [main]                         be.pxl.services.api.controller.CommentController - DELETE comment: 1
2025-01-11T17:48:22.249+0100 INFO               [main]                         be.pxl.services.service.CommentService - comment deleted
2025-01-11T17:48:22.407+0100 INFO               [main]                         be.pxl.services.service.CommentService - delete comment sent to queue
2025-01-11T17:48:22.469+0100 INFO               [main]                         be.pxl.services.api.controller.CommentController - POST comment: CreateCommentRequest(text=test text, commenter=commenter)
2025-01-11T17:48:22.469+0100 INFO               [main]                         be.pxl.services.service.CommentService - addComment
2025-01-11T17:48:22.479+0100 INFO               [main]                         be.pxl.services.service.CommentService - comment added
2025-01-11T17:48:22.480+0100 INFO               [main]                         be.pxl.services.service.CommentService - comment sent to queue
2025-01-11T17:48:22.517+0100 INFO               [main]                         be.pxl.services.api.controller.CommentController - GET comment: 3
2025-01-11T17:48:22.600+0100 INFO               [main]                         be.pxl.services.api.controller.CommentController - PUT comment: UpdateCommentRequest(text=updated test text)
2025-01-11T17:48:22.603+0100 INFO               [main]                         be.pxl.services.service.CommentService - comment updated
2025-01-11T17:51:26.298+0100 INFO               [main]                         be.pxl.services.CommentTests  - Starting CommentTests using Java 21.0.2 with PID 21728 (started by 12202385 in C:\Users\12202385\Documents\3AONc\Fullstack_JAVA\PE\project-MaartenClaesPXL\backend-java\SpringCloudPXL\comment-service)
2025-01-11T17:51:26.300+0100 DEBUG              [main]                         be.pxl.services.CommentTests  - Running with Spring Boot v3.3.4, Spring v6.1.13
2025-01-11T17:51:26.301+0100 INFO               [main]                         be.pxl.services.CommentTests  - No active profile set, falling back to 1 default profile: "default"
2025-01-11T17:51:36.114+0100 INFO               [main]                         be.pxl.services.CommentTests  - Started CommentTests in 12.283 seconds (process running for 28.691)
2025-01-11T17:51:36.976+0100 INFO               [main]                         be.pxl.services.api.controller.CommentController - DELETE comment: 2
2025-01-11T17:51:36.991+0100 INFO               [main]                         be.pxl.services.service.CommentService - comment not found
2025-01-11T17:51:37.093+0100 INFO               [main]                         be.pxl.services.api.controller.CommentController - DELETE comment: 1
2025-01-11T17:51:37.099+0100 INFO               [main]                         be.pxl.services.service.CommentService - comment deleted
2025-01-11T17:51:37.232+0100 INFO               [main]                         be.pxl.services.service.CommentService - delete comment sent to queue
2025-01-11T17:51:37.303+0100 INFO               [main]                         be.pxl.services.api.controller.CommentController - POST comment: CreateCommentRequest(text=test text, commenter=commenter)
2025-01-11T17:51:37.303+0100 INFO               [main]                         be.pxl.services.service.CommentService - addComment
2025-01-11T17:51:37.317+0100 INFO               [main]                         be.pxl.services.service.CommentService - comment added
2025-01-11T17:51:37.318+0100 INFO               [main]                         be.pxl.services.service.CommentService - comment sent to queue
2025-01-11T17:51:37.364+0100 INFO               [main]                         be.pxl.services.api.controller.CommentController - GET comment: 3
2025-01-11T17:51:37.464+0100 INFO               [main]                         be.pxl.services.api.controller.CommentController - PUT comment: UpdateCommentRequest(text=updated test text)
2025-01-11T17:51:37.468+0100 INFO               [main]                         be.pxl.services.service.CommentService - comment updated
2025-01-11T17:53:07.014+0100 INFO               [main]                         be.pxl.services.CommentTests  - Starting CommentTests using Java 21.0.2 with PID 13556 (started by 12202385 in C:\Users\12202385\Documents\3AONc\Fullstack_JAVA\PE\project-MaartenClaesPXL\backend-java\SpringCloudPXL\comment-service)
2025-01-11T17:53:07.016+0100 DEBUG              [main]                         be.pxl.services.CommentTests  - Running with Spring Boot v3.3.4, Spring v6.1.13
2025-01-11T17:53:07.017+0100 INFO               [main]                         be.pxl.services.CommentTests  - No active profile set, falling back to 1 default profile: "default"
2025-01-11T17:53:13.784+0100 INFO               [main]                         be.pxl.services.CommentTests  - Started CommentTests in 8.551 seconds (process running for 21.41)
2025-01-11T17:53:14.377+0100 INFO               [main]                         be.pxl.services.api.controller.CommentController - DELETE comment: 2
2025-01-11T17:53:14.388+0100 INFO               [main]                         be.pxl.services.service.CommentService - comment not found
2025-01-11T17:53:14.510+0100 INFO               [main]                         be.pxl.services.api.controller.CommentController - DELETE comment: 1
2025-01-11T17:53:14.515+0100 INFO               [main]                         be.pxl.services.service.CommentService - comment deleted
2025-01-11T17:53:14.613+0100 INFO               [main]                         be.pxl.services.service.CommentService - delete comment sent to queue
2025-01-11T17:53:14.658+0100 INFO               [main]                         be.pxl.services.api.controller.CommentController - POST comment: CreateCommentRequest(text=test text, commenter=commenter)
2025-01-11T17:53:14.658+0100 INFO               [main]                         be.pxl.services.service.CommentService - addComment
2025-01-11T17:53:14.670+0100 INFO               [main]                         be.pxl.services.service.CommentService - comment added
2025-01-11T17:53:14.671+0100 INFO               [main]                         be.pxl.services.service.CommentService - comment sent to queue
2025-01-11T17:53:14.716+0100 INFO               [main]                         be.pxl.services.api.controller.CommentController - GET comment: 3
2025-01-11T17:53:14.795+0100 INFO               [main]                         be.pxl.services.api.controller.CommentController - PUT comment: UpdateCommentRequest(text=updated test text)
2025-01-11T17:53:14.797+0100 INFO               [main]                         be.pxl.services.service.CommentService - comment updated
2025-01-11T17:58:57.545+0100 INFO               [main]                         be.pxl.services.CommentTests  - Starting CommentTests using Java 21.0.2 with PID 8948 (started by 12202385 in C:\Users\12202385\Documents\3AONc\Fullstack_JAVA\PE\project-MaartenClaesPXL\backend-java\SpringCloudPXL\comment-service)
2025-01-11T17:58:57.546+0100 DEBUG              [main]                         be.pxl.services.CommentTests  - Running with Spring Boot v3.3.4, Spring v6.1.13
2025-01-11T17:58:57.547+0100 INFO               [main]                         be.pxl.services.CommentTests  - No active profile set, falling back to 1 default profile: "default"
2025-01-11T17:59:04.204+0100 INFO               [main]                         be.pxl.services.CommentTests  - Started CommentTests in 8.476 seconds (process running for 22.255)
2025-01-11T17:59:04.814+0100 INFO               [main]                         be.pxl.services.api.controller.CommentController - DELETE comment: 30
2025-01-11T17:59:04.831+0100 INFO               [main]                         be.pxl.services.service.CommentService - comment not found
2025-01-11T17:59:04.968+0100 INFO               [main]                         be.pxl.services.api.controller.CommentController - DELETE comment: 1
2025-01-11T17:59:04.974+0100 INFO               [main]                         be.pxl.services.service.CommentService - comment deleted
2025-01-11T17:59:05.074+0100 INFO               [main]                         be.pxl.services.service.CommentService - delete comment sent to queue
2025-01-11T17:59:05.110+0100 INFO               [main]                         be.pxl.services.api.controller.CommentController - GET comment: 999
2025-01-11T17:59:05.116+0100 INFO               [main]                         be.pxl.services.service.CommentService - comment not found
2025-01-11T17:59:05.175+0100 INFO               [main]                         be.pxl.services.api.controller.CommentController - PUT comment: UpdateCommentRequest(text=updated test text)
2025-01-11T17:59:05.180+0100 INFO               [main]                         be.pxl.services.service.CommentService - comment not found
2025-01-11T17:59:05.208+0100 INFO               [main]                         be.pxl.services.api.controller.CommentController - POST comment: CreateCommentRequest(text=test text, commenter=commenter)
2025-01-11T17:59:05.208+0100 INFO               [main]                         be.pxl.services.service.CommentService - addComment
2025-01-11T17:59:05.226+0100 INFO               [main]                         be.pxl.services.service.CommentService - comment added
2025-01-11T17:59:05.228+0100 INFO               [main]                         be.pxl.services.service.CommentService - comment sent to queue
2025-01-11T17:59:05.274+0100 INFO               [main]                         be.pxl.services.api.controller.CommentController - GET comment: 3
2025-01-11T17:59:05.346+0100 INFO               [main]                         be.pxl.services.api.controller.CommentController - PUT comment: UpdateCommentRequest(text=updated test text)
2025-01-11T17:59:05.348+0100 INFO               [main]                         be.pxl.services.service.CommentService - comment updated
2025-01-11T18:00:22.548+0100 INFO               [main]                         be.pxl.services.CommentTests  - Starting CommentTests using Java 21.0.2 with PID 16536 (started by 12202385 in C:\Users\12202385\Documents\3AONc\Fullstack_JAVA\PE\project-MaartenClaesPXL\backend-java\SpringCloudPXL\comment-service)
2025-01-11T18:00:22.549+0100 DEBUG              [main]                         be.pxl.services.CommentTests  - Running with Spring Boot v3.3.4, Spring v6.1.13
2025-01-11T18:00:22.550+0100 INFO               [main]                         be.pxl.services.CommentTests  - No active profile set, falling back to 1 default profile: "default"
2025-01-11T18:00:29.066+0100 INFO               [main]                         be.pxl.services.CommentTests  - Started CommentTests in 8.284 seconds (process running for 21.922)
2025-01-11T18:00:29.733+0100 INFO               [main]                         be.pxl.services.api.controller.CommentController - DELETE comment: 30
2025-01-11T18:00:29.744+0100 INFO               [main]                         be.pxl.services.service.CommentService - comment not found
2025-01-11T18:00:29.845+0100 INFO               [main]                         be.pxl.services.api.controller.CommentController - DELETE comment: 1
2025-01-11T18:00:29.849+0100 INFO               [main]                         be.pxl.services.service.CommentService - comment deleted
2025-01-11T18:00:29.935+0100 INFO               [main]                         be.pxl.services.service.CommentService - delete comment sent to queue
2025-01-11T18:00:29.966+0100 INFO               [main]                         be.pxl.services.api.controller.CommentController - GET comment: 999
2025-01-11T18:00:29.968+0100 INFO               [main]                         be.pxl.services.service.CommentService - comment not found
2025-01-11T18:00:30.016+0100 INFO               [main]                         be.pxl.services.api.controller.CommentController - PUT comment: UpdateCommentRequest(text=updated test text)
2025-01-11T18:00:30.019+0100 INFO               [main]                         be.pxl.services.service.CommentService - comment not found
2025-01-11T18:00:30.039+0100 INFO               [main]                         be.pxl.services.api.controller.CommentController - POST comment: CreateCommentRequest(text=test text, commenter=commenter)
2025-01-11T18:00:30.039+0100 INFO               [main]                         be.pxl.services.service.CommentService - addComment
2025-01-11T18:00:30.052+0100 INFO               [main]                         be.pxl.services.service.CommentService - comment added
2025-01-11T18:00:30.053+0100 INFO               [main]                         be.pxl.services.service.CommentService - comment sent to queue
2025-01-11T18:00:30.089+0100 INFO               [main]                         be.pxl.services.api.controller.CommentController - GET comment: 3
2025-01-11T18:00:30.184+0100 INFO               [main]                         be.pxl.services.api.controller.CommentController - PUT comment: UpdateCommentRequest(text=updated test text)
2025-01-11T18:00:30.188+0100 INFO               [main]                         be.pxl.services.service.CommentService - comment updated
2025-01-11T18:01:01.926+0100 INFO               [main]                         be.pxl.services.CommentTests  - Starting CommentTests using Java 21.0.2 with PID 40000 (started by 12202385 in C:\Users\12202385\Documents\3AONc\Fullstack_JAVA\PE\project-MaartenClaesPXL\backend-java\SpringCloudPXL\comment-service)
2025-01-11T18:01:01.927+0100 DEBUG              [main]                         be.pxl.services.CommentTests  - Running with Spring Boot v3.3.4, Spring v6.1.13
2025-01-11T18:01:01.928+0100 INFO               [main]                         be.pxl.services.CommentTests  - No active profile set, falling back to 1 default profile: "default"
2025-01-11T18:01:09.116+0100 INFO               [main]                         be.pxl.services.CommentTests  - Started CommentTests in 9.122 seconds (process running for 23.037)
2025-01-11T18:01:09.743+0100 INFO               [main]                         be.pxl.services.api.controller.CommentController - DELETE comment: 30
2025-01-11T18:01:09.753+0100 INFO               [main]                         be.pxl.services.service.CommentService - comment not found
2025-01-11T18:01:09.857+0100 INFO               [main]                         be.pxl.services.api.controller.CommentController - DELETE comment: 1
2025-01-11T18:01:09.862+0100 INFO               [main]                         be.pxl.services.service.CommentService - comment deleted
2025-01-11T18:01:09.963+0100 INFO               [main]                         be.pxl.services.service.CommentService - delete comment sent to queue
2025-01-11T18:01:10.006+0100 INFO               [main]                         be.pxl.services.api.controller.CommentController - PUT comment: UpdateCommentRequest(text=updated test text)
2025-01-11T18:01:10.009+0100 INFO               [main]                         be.pxl.services.service.CommentService - comment not found
2025-01-11T18:01:10.043+0100 INFO               [main]                         be.pxl.services.api.controller.CommentController - POST comment: CreateCommentRequest(text=test text, commenter=commenter)
2025-01-11T18:01:10.043+0100 INFO               [main]                         be.pxl.services.service.CommentService - addComment
2025-01-11T18:01:10.060+0100 INFO               [main]                         be.pxl.services.service.CommentService - comment added
2025-01-11T18:01:10.061+0100 INFO               [main]                         be.pxl.services.service.CommentService - comment sent to queue
2025-01-11T18:01:10.113+0100 INFO               [main]                         be.pxl.services.api.controller.CommentController - GET comment: 3
2025-01-11T18:01:10.200+0100 INFO               [main]                         be.pxl.services.api.controller.CommentController - PUT comment: UpdateCommentRequest(text=updated test text)
2025-01-11T18:01:10.203+0100 INFO               [main]                         be.pxl.services.service.CommentService - comment updated
2025-01-11T18:03:04.025+0100 INFO               [main]                         be.pxl.services.CommentTests  - Starting CommentTests using Java 21.0.2 with PID 1148 (started by 12202385 in C:\Users\12202385\Documents\3AONc\Fullstack_JAVA\PE\project-MaartenClaesPXL\backend-java\SpringCloudPXL\comment-service)
2025-01-11T18:03:04.026+0100 DEBUG              [main]                         be.pxl.services.CommentTests  - Running with Spring Boot v3.3.4, Spring v6.1.13
2025-01-11T18:03:04.027+0100 INFO               [main]                         be.pxl.services.CommentTests  - No active profile set, falling back to 1 default profile: "default"
2025-01-11T18:03:10.889+0100 INFO               [main]                         be.pxl.services.CommentTests  - Started CommentTests in 8.733 seconds (process running for 23.199)
2025-01-11T18:03:11.505+0100 INFO               [main]                         be.pxl.services.api.controller.CommentController - DELETE comment: 30
2025-01-11T18:03:11.525+0100 INFO               [main]                         be.pxl.services.service.CommentService - comment not found
2025-01-11T18:03:11.623+0100 INFO               [main]                         be.pxl.services.api.controller.CommentController - DELETE comment: 1
2025-01-11T18:03:11.644+0100 INFO               [main]                         be.pxl.services.service.CommentService - comment deleted
2025-01-11T18:03:11.736+0100 INFO               [main]                         be.pxl.services.service.CommentService - delete comment sent to queue
2025-01-11T18:03:11.782+0100 INFO               [main]                         be.pxl.services.api.controller.CommentController - PUT comment: UpdateCommentRequest(text=updated test text)
2025-01-11T18:03:11.791+0100 INFO               [main]                         be.pxl.services.service.CommentService - comment not found
2025-01-11T18:03:11.811+0100 INFO               [main]                         be.pxl.services.api.controller.CommentController - POST comment: CreateCommentRequest(text=test text, commenter=commenter)
2025-01-11T18:03:11.812+0100 INFO               [main]                         be.pxl.services.service.CommentService - addComment
2025-01-11T18:03:11.833+0100 INFO               [main]                         be.pxl.services.service.CommentService - comment added
2025-01-11T18:03:11.834+0100 INFO               [main]                         be.pxl.services.service.CommentService - comment sent to queue
2025-01-11T18:03:11.890+0100 INFO               [main]                         be.pxl.services.api.controller.CommentController - GET comment: 3
2025-01-11T18:03:11.981+0100 INFO               [main]                         be.pxl.services.api.controller.CommentController - PUT comment: UpdateCommentRequest(text=updated test text)
2025-01-11T18:03:12.011+0100 INFO               [main]                         be.pxl.services.service.CommentService - comment updated
2025-01-11T18:39:23.217+0100 INFO               [main]                         be.pxl.services.CommentTests  - Starting CommentTests using Java 21.0.2 with PID 41976 (started by 12202385 in C:\Users\12202385\Documents\3AONc\Fullstack_JAVA\PE\project-MaartenClaesPXL\backend-java\SpringCloudPXL\comment-service)
2025-01-11T18:39:23.219+0100 DEBUG              [main]                         be.pxl.services.CommentTests  - Running with Spring Boot v3.3.4, Spring v6.1.13
2025-01-11T18:39:23.220+0100 INFO               [main]                         be.pxl.services.CommentTests  - No active profile set, falling back to 1 default profile: "default"
2025-01-11T18:39:34.003+0100 INFO               [main]                         be.pxl.services.CommentTests  - Started CommentTests in 13.44 seconds (process running for 36.887)
2025-01-11T18:39:35.100+0100 INFO               [main]                         be.pxl.services.api.controller.CommentController - DELETE comment: 30
2025-01-11T18:39:35.126+0100 INFO               [main]                         be.pxl.services.service.CommentService - comment not found
2025-01-11T18:39:35.303+0100 INFO               [main]                         be.pxl.services.api.controller.CommentController - DELETE comment: 1
2025-01-11T18:39:35.336+0100 INFO               [main]                         be.pxl.services.service.CommentService - comment deleted
2025-01-11T18:39:35.567+0100 INFO               [main]                         be.pxl.services.service.CommentService - delete comment sent to queue
2025-01-11T18:39:35.655+0100 INFO               [main]                         be.pxl.services.api.controller.CommentController - GET comment: 999
2025-01-11T18:39:35.666+0100 INFO               [main]                         be.pxl.services.service.CommentService - comment not found
2025-01-11T18:39:35.715+0100 INFO               [main]                         be.pxl.services.api.controller.CommentController - PUT comment: UpdateCommentRequest(text=updated test text)
2025-01-11T18:39:35.732+0100 INFO               [main]                         be.pxl.services.service.CommentService - comment not found
2025-01-11T18:39:35.767+0100 INFO               [main]                         be.pxl.services.api.controller.CommentController - POST comment: CreateCommentRequest(text=test text, commenter=commenter)
2025-01-11T18:39:35.768+0100 INFO               [main]                         be.pxl.services.service.CommentService - addComment
2025-01-11T18:39:35.806+0100 INFO               [main]                         be.pxl.services.service.CommentService - comment added
2025-01-11T18:39:35.808+0100 INFO               [main]                         be.pxl.services.service.CommentService - comment sent to queue
2025-01-11T18:39:35.909+0100 INFO               [main]                         be.pxl.services.api.controller.CommentController - GET comment: 3
2025-01-11T18:39:36.073+0100 INFO               [main]                         be.pxl.services.api.controller.CommentController - PUT comment: UpdateCommentRequest(text=updated test text)
2025-01-11T18:39:36.108+0100 INFO               [main]                         be.pxl.services.service.CommentService - comment updated
2025-01-11T18:41:00.625+0100 INFO               [main]                         be.pxl.services.CommentTests  - Starting CommentTests using Java 21.0.2 with PID 12428 (started by 12202385 in C:\Users\12202385\Documents\3AONc\Fullstack_JAVA\PE\project-MaartenClaesPXL\backend-java\SpringCloudPXL\comment-service)
2025-01-11T18:41:00.627+0100 DEBUG              [main]                         be.pxl.services.CommentTests  - Running with Spring Boot v3.3.4, Spring v6.1.13
2025-01-11T18:41:00.629+0100 INFO               [main]                         be.pxl.services.CommentTests  - No active profile set, falling back to 1 default profile: "default"
2025-01-11T18:41:12.664+0100 INFO               [main]                         be.pxl.services.CommentTests  - Started CommentTests in 14.616 seconds (process running for 38.164)
2025-01-11T18:41:13.925+0100 INFO               [main]                         be.pxl.services.api.controller.CommentController - DELETE comment: 1
2025-01-11T18:41:13.961+0100 INFO               [main]                         be.pxl.services.service.CommentService - comment deleted
2025-01-11T18:41:14.100+0100 INFO               [main]                         be.pxl.services.service.CommentService - delete comment sent to queue
2025-01-11T18:41:14.186+0100 INFO               [main]                         be.pxl.services.api.controller.CommentController - GET comment: 999
2025-01-11T18:41:14.198+0100 INFO               [main]                         be.pxl.services.service.CommentService - comment not found
2025-01-11T18:41:14.242+0100 INFO               [main]                         be.pxl.services.api.controller.CommentController - PUT comment: UpdateCommentRequest(text=updated test text)
2025-01-11T18:41:14.254+0100 INFO               [main]                         be.pxl.services.service.CommentService - comment not found
2025-01-11T18:41:14.292+0100 INFO               [main]                         be.pxl.services.api.controller.CommentController - POST comment: CreateCommentRequest(text=test text, commenter=commenter)
2025-01-11T18:41:14.293+0100 INFO               [main]                         be.pxl.services.service.CommentService - addComment
2025-01-11T18:41:14.330+0100 INFO               [main]                         be.pxl.services.service.CommentService - comment added
2025-01-11T18:41:14.331+0100 INFO               [main]                         be.pxl.services.service.CommentService - comment sent to queue
2025-01-11T18:41:14.408+0100 INFO               [main]                         be.pxl.services.api.controller.CommentController - DELETE comment: 30
2025-01-11T18:41:14.423+0100 INFO               [main]                         be.pxl.services.service.CommentService - comment not found
2025-01-11T18:41:14.482+0100 INFO               [main]                         be.pxl.services.api.controller.CommentController - GET comment: 3
2025-01-11T18:41:14.667+0100 INFO               [main]                         be.pxl.services.api.controller.CommentController - PUT comment: UpdateCommentRequest(text=updated test text)
2025-01-11T18:41:14.706+0100 INFO               [main]                         be.pxl.services.service.CommentService - comment updated
2025-01-11T19:22:23.290+0100 INFO               [main]                         be.pxl.services.CommentTests  - Starting CommentTests using Java 21.0.2 with PID 28152 (started by 12202385 in C:\Users\12202385\Documents\3AONc\Fullstack_JAVA\PE\project-MaartenClaesPXL\backend-java\SpringCloudPXL\comment-service)
2025-01-11T19:22:23.292+0100 DEBUG              [main]                         be.pxl.services.CommentTests  - Running with Spring Boot v3.3.4, Spring v6.1.13
2025-01-11T19:22:23.293+0100 INFO               [main]                         be.pxl.services.CommentTests  - No active profile set, falling back to 1 default profile: "default"
2025-01-11T19:22:32.121+0100 INFO               [main]                         be.pxl.services.CommentTests  - Started CommentTests in 10.612 seconds (process running for 24.221)
2025-01-11T19:25:31.650+0100 INFO               [main]                         be.pxl.services.CommentTests  - Starting CommentTests using Java 21.0.2 with PID 20488 (started by 12202385 in C:\Users\12202385\Documents\3AONc\Fullstack_JAVA\PE\project-MaartenClaesPXL\backend-java\SpringCloudPXL\comment-service)
2025-01-11T19:25:31.651+0100 DEBUG              [main]                         be.pxl.services.CommentTests  - Running with Spring Boot v3.3.4, Spring v6.1.13
2025-01-11T19:25:31.652+0100 INFO               [main]                         be.pxl.services.CommentTests  - No active profile set, falling back to 1 default profile: "default"
2025-01-11T19:25:40.174+0100 INFO               [main]                         be.pxl.services.CommentTests  - Started CommentTests in 10.312 seconds (process running for 24.884)
2025-01-11T19:25:40.648+0100 INFO               [main]                         be.pxl.services.api.controller.CommentController - DELETE comment: 1
2025-01-11T19:25:40.698+0100 INFO               [main]                         be.pxl.services.service.CommentService - comment deleted
2025-01-11T19:25:40.701+0100 INFO               [main]                         be.pxl.services.service.CommentService - delete comment sent to queue
2025-01-11T19:25:40.781+0100 INFO               [main]                         be.pxl.services.api.controller.CommentController - GET comment: 999
2025-01-11T19:25:40.794+0100 INFO               [main]                         be.pxl.services.service.CommentService - comment not found
2025-01-11T19:25:40.841+0100 INFO               [main]                         be.pxl.services.api.controller.CommentController - PUT comment: UpdateCommentRequest(text=updated test text)
2025-01-11T19:25:40.856+0100 INFO               [main]                         be.pxl.services.service.CommentService - comment not found
2025-01-11T19:25:40.886+0100 INFO               [main]                         be.pxl.services.api.controller.CommentController - POST comment: CreateCommentRequest(text=test text, commenter=commenter)
2025-01-11T19:25:40.886+0100 INFO               [main]                         be.pxl.services.service.CommentService - addComment
2025-01-11T19:25:40.933+0100 INFO               [main]                         be.pxl.services.service.CommentService - comment added
2025-01-11T19:25:40.934+0100 INFO               [main]                         be.pxl.services.service.CommentService - comment sent to queue
2025-01-11T19:25:41.001+0100 INFO               [main]                         be.pxl.services.api.controller.CommentController - DELETE comment: 30
2025-01-11T19:25:41.010+0100 INFO               [main]                         be.pxl.services.service.CommentService - comment not found
2025-01-11T19:25:41.055+0100 INFO               [main]                         be.pxl.services.api.controller.CommentController - GET comment: 3
2025-01-11T19:25:41.165+0100 INFO               [main]                         be.pxl.services.api.controller.CommentController - PUT comment: UpdateCommentRequest(text=updated test text)
2025-01-11T19:25:41.197+0100 INFO               [main]                         be.pxl.services.service.CommentService - comment updated
